#
# A fatal error has been detected by the Java Runtime Environment:
#
#  SIGSEGV (0xb) at pc=0x00007f8360c6d997, pid=4747, tid=0x00007f82f8108700
#
# JRE version: Java(TM) SE Runtime Environment (8.0_191-b12) (build 1.8.0_191-b12)
# Java VM: Java HotSpot(TM) 64-Bit Server VM (25.191-b12 mixed mode linux-amd64 compressed oops)
# Problematic frame:
# V  [libjvm.so+0x6cc997]  jni_invoke_nonstatic(JNIEnv_*, JavaValue*, _jobject*, JNICallType, _jmethodID*, JNI_ArgumentPusher*, Thread*) [clone .constprop.109]+0x27
#
# Failed to write core dump. Core dumps have been disabled. To enable core dumping, try "ulimit -c unlimited" before starting Java again
#
# If you would like to submit a bug report, please visit:
#   http://bugreport.java.com/bugreport/crash.jsp
#

---------------  T H R E A D  ---------------

Current thread (0x00007f835c3d6800):  JavaThread "JavaFX Application Thread" [_thread_in_vm, id=4786, stack(0x00007f82f8008000,0x00007f82f8109000)]

siginfo: si_signo: 11 (SIGSEGV), si_code: 128 (SI_KERNEL), si_addr: 0x0000000000000000

Registers:
RAX=0x00007f82f81074f0, RBX=0x00007f835c3d6800, RCX=0x00007f835c309588, RDX=0x38246164626d614c
RSP=0x00007f82f8107290, RBP=0x00007f82f8107400, RSI=0x00007f82f8107420, RDI=0x00007f835c3d69f8
R8 =0x00007f82f8107450, R9 =0x00007f835c3d6800, R10=0x00007f82dc000b00, R11=0x00007f834c3b01e0
R12=0x00007f82f8107450, R13=0x00007f835c3d69f8, R14=0x00007f835c309588, R15=0x00007f835c3d6800
RIP=0x00007f8360c6d997, EFLAGS=0x0000000000010202, CSGSFS=0x002b000000000033, ERR=0x0000000000000000
  TRAPNO=0x000000000000000d

Top of Stack: (sp=0x00007f82f8107290)
0x00007f82f8107290:   00007f82f8107390 00007f82f8107350
0x00007f82f81072a0:   00007f82f81072c0 00007f835c3d69f8
0x00007f82f81072b0:   00007f82f81072e0 00007f835c3d6198
0x00007f82f81072c0:   00007f834aa4dfa0 00007f835c3d6800
0x00007f82f81072d0:   00007f834aa4dfa0 00007f835c3d6800
0x00007f82f81072e0:   00007f835c3d6100 00007f830c0099f0
0x00007f82f81072f0:   00007f830c009a00 00007f830c009dd8
0x00007f82f8107300:   00000000000003d8 00000000000000d8
0x00007f82f8107310:   00007f834aa4dfa0 00007f835c3d6800
0x00007f82f8107320:   000000005c3d6800 00007f82dc000a30
0x00007f82f8107330:   0000000000000000 00000000d7627d30
0x00007f82f8107340:   00007f834aa4dfa0 00007f835c3d6800
0x00007f82f8107350:   00007f82f8107960 00000000d766bc38
0x00007f82f8107360:   000000000000006f 00007f820000000a
0x00007f82f8107370:   00000000d8548ae8 00007f8200000000
0x00007f82f8107380:   00007f82f81073e0 00007f82f8107420
0x00007f82f8107390:   00007f82f8107510 00000001000001a3
0x00007f82f81073a0:   000000005ccc41a4 00007f82f8107358
0x00007f82f81073b0:   00007f82f8107399 0000000800000005
0x00007f82f81073c0:   00007f835c351b00 00007f835c3d6198
0x00007f82f81073d0:   00007f834aa43d78 00007f835c3d6800
0x00007f82f81073e0:   00007f82f8107450 00007f835c3d69f8
0x00007f82f81073f0:   00007f835c309588 00007f82f81074d8
0x00007f82f8107400:   00007f82f81074c0 00007f8360c6fd8a
0x00007f82f8107410:   00000000000003d8 38246164626d614c
0x00007f82f8107420:   00007f830000000e 00007f8300000000
0x00007f82f8107430:   00007f835c3d6800 0000000000000000
0x00007f82f8107440:   0000000000000000 675eef9031752200
0x00007f82f8107450:   00007f836148fde8 00007f8362008870
0x00007f82f8107460:   000000005c341e90 00007f8200000063
0x00007f82f8107470:   0000000000000000 0000003000000018
0x00007f82f8107480:   00007f82f81075b0 00007f82f81074f0 

Instructions: (pc=0x00007f8360c6d997)
0x00007f8360c6d977:   56 41 55 41 54 4d 89 cf 53 48 81 ec 48 01 00 00
0x00007f8360c6d987:   48 85 d2 48 89 bd a8 fe ff ff 0f 84 11 02 00 00
0x00007f8360c6d997:   48 8b 12 48 85 d2 0f 84 05 02 00 00 48 8d bd b8
0x00007f8360c6d9a7:   fe ff ff 48 89 cb 49 89 f5 4c 89 ce 4d 89 c4 e8 

Register to memory mapping:

RAX=0x00007f82f81074f0 is pointing into the stack for thread: 0x00007f835c3d6800
RBX=0x00007f835c3d6800 is a thread
RCX=0x00007f835c309588 is an unknown value
RDX=0x38246164626d614c is an unknown value
RSP=0x00007f82f8107290 is pointing into the stack for thread: 0x00007f835c3d6800
RBP=0x00007f82f8107400 is pointing into the stack for thread: 0x00007f835c3d6800
RSI=0x00007f82f8107420 is pointing into the stack for thread: 0x00007f835c3d6800
RDI=0x00007f835c3d69f8 is an unknown value
R8 =0x00007f82f8107450 is pointing into the stack for thread: 0x00007f835c3d6800
R9 =0x00007f835c3d6800 is a thread
R10=0x00007f82dc000b00 is an unknown value
R11=0x00007f834c3b01e0 is at entry_point+32 in (nmethod*)0x00007f834c3b0050
R12=0x00007f82f8107450 is pointing into the stack for thread: 0x00007f835c3d6800
R13=0x00007f835c3d69f8 is an unknown value
R14=0x00007f835c309588 is an unknown value
R15=0x00007f835c3d6800 is a thread


Stack: [0x00007f82f8008000,0x00007f82f8109000],  sp=0x00007f82f8107290,  free space=1020k
Native frames: (J=compiled Java code, j=interpreted, Vv=VM code, C=native code)
V  [libjvm.so+0x6cc997]  jni_invoke_nonstatic(JNIEnv_*, JavaValue*, _jobject*, JNICallType, _jmethodID*, JNI_ArgumentPusher*, Thread*) [clone .constprop.109]+0x27
V  [libjvm.so+0x6ced8a]  jni_CallVoidMethodV+0xea
C  [libglass.so+0x1b121]  JNIEnv_::CallVoidMethod(_jobject*, _jmethodID*, ...)+0x81
C  [libglass.so+0x236bf]  WindowContextBase::process_key(_GdkEventKey*)+0x1ef
C  [libglass.so+0x21820]  WindowContextBase::im_filter_keypress(_GdkEventKey*)+0x1d0
C  [libglass.so+0x274cc]  process_events(_GdkEvent*, void*)+0x21c
C  [libgdk-x11-2.0.so.0+0x5ac8c]

Java frames: (J=compiled Java code, j=interpreted, Vv=VM code)
j  com.sun.glass.ui.gtk.GtkApplication._runLoop(Ljava/lang/Runnable;Z)V+0
j  com.sun.glass.ui.gtk.GtkApplication.lambda$null$48(Ljava/lang/Runnable;Z)V+7
j  com.sun.glass.ui.gtk.GtkApplication$$Lambda$41.run()V+12
j  java.lang.Thread.run()V+11
v  ~StubRoutines::call_stub

---------------  P R O C E S S  ---------------

Java Threads: ( => current thread )
  0x00007f82dc308800 JavaThread "Prism Font Disposer" daemon [_thread_blocked, id=4792, stack(0x00007f82f1f36000,0x00007f82f2037000)]
  0x00007f835c3dc800 JavaThread "JavaFX-Launcher" [_thread_blocked, id=4787, stack(0x00007f82f2efd000,0x00007f82f2ffe000)]
=>0x00007f835c3d6800 JavaThread "JavaFX Application Thread" [_thread_in_vm, id=4786, stack(0x00007f82f8008000,0x00007f82f8109000)]
  0x00007f835c3d2800 JavaThread "Thread-1" daemon [_thread_blocked, id=4785, stack(0x00007f82f8109000,0x00007f82f820a000)]
  0x00007f835c2fa000 JavaThread "QuantumRenderer-0" daemon [_thread_blocked, id=4781, stack(0x00007f8348226000,0x00007f8348327000)]
  0x00007f835c235000 JavaThread "Service Thread" daemon [_thread_blocked, id=4779, stack(0x00007f83484be000,0x00007f83485bf000)]
  0x00007f835c228000 JavaThread "C1 CompilerThread2" daemon [_thread_blocked, id=4778, stack(0x00007f83485bf000,0x00007f83486c0000)]
  0x00007f835c224000 JavaThread "C2 CompilerThread1" daemon [_thread_blocked, id=4777, stack(0x00007f83486c0000,0x00007f83487c1000)]
  0x00007f835c222800 JavaThread "C2 CompilerThread0" daemon [_thread_blocked, id=4776, stack(0x00007f83489d8000,0x00007f8348ad9000)]
  0x00007f835c21f800 JavaThread "Monitor Ctrl-Break" daemon [_thread_in_native, id=4775, stack(0x00007f8348ad9000,0x00007f8348bda000)]
  0x00007f835c181800 JavaThread "Signal Dispatcher" daemon [_thread_blocked, id=4772, stack(0x00007f8348c36000,0x00007f8348d37000)]
  0x00007f835c14d800 JavaThread "Finalizer" daemon [_thread_blocked, id=4767, stack(0x00007f834916f000,0x00007f8349270000)]
  0x00007f835c14b000 JavaThread "Reference Handler" daemon [_thread_blocked, id=4765, stack(0x00007f8349270000,0x00007f8349371000)]
  0x00007f835c00c000 JavaThread "main" [_thread_blocked, id=4750, stack(0x00007f8362084000,0x00007f8362185000)]

Other Threads:
  0x00007f835c141800 VMThread [stack: 0x00007f8349371000,0x00007f8349472000] [id=4762]
  0x00007f835c238000 WatcherThread [stack: 0x00007f83483bd000,0x00007f83484be000] [id=4780]

VM state:not at safepoint (normal execution)

VM Mutex/Monitor currently owned by a thread: None

Heap:
 PSYoungGen      total 36864K, used 8604K [0x00000000d7180000, 0x00000000d9a80000, 0x0000000100000000)
  eden space 31744K, 11% used [0x00000000d7180000,0x00000000d74ee6c0,0x00000000d9080000)
  from space 5120K, 99% used [0x00000000d9580000,0x00000000d9a78ac0,0x00000000d9a80000)
  to   space 5120K, 0% used [0x00000000d9080000,0x00000000d9080000,0x00000000d9580000)
 ParOldGen       total 84992K, used 2704K [0x0000000085400000, 0x000000008a700000, 0x00000000d7180000)
  object space 84992K, 3% used [0x0000000085400000,0x00000000856a43d0,0x000000008a700000)
 Metaspace       used 19052K, capacity 19972K, committed 20224K, reserved 1067008K
  class space    used 2748K, capacity 2955K, committed 3072K, reserved 1048576K

Card table byte_map: [0x00007f834b7c4000,0x00007f834bb9b000] byte_map_base: 0x00007f834b39a000

Marking Bits: (ParMarkBitMap*) 0x00007f8361567d40
 Begin Bits: [0x00007f83402a0000, 0x00007f8342150000)
 End Bits:   [0x00007f8342150000, 0x00007f8344000000)

Polling page: 0x00007f83621ab000

CodeCache: size=245760Kb used=7814Kb max_used=7827Kb free=237945Kb
 bounds [0x00007f834bf5b000, 0x00007f834c70b000, 0x00007f835af5b000]
 total_blobs=3131 nmethods=2503 adapters=541
 compilation: enabled

Compilation events (10 events):
Event: 10,881 Thread 0x00007f835c224000 nmethod 2412 0x00007f834c6fd710 code [0x00007f834c6fd920, 0x00007f834c6fe310]
Event: 10,881 Thread 0x00007f835c224000 2167       4       java.lang.AbstractStringBuilder::append (29 bytes)
Event: 10,882 Thread 0x00007f835c228000 nmethod 2504 0x00007f834c6fc010 code [0x00007f834c6fc160, 0x00007f834c6fc250]
Event: 10,883 Thread 0x00007f835c228000 2505       3       javafx.geometry.BoundingBox::<init> (20 bytes)
Event: 10,883 Thread 0x00007f835c228000 nmethod 2505 0x00007f834c6fbc10 code [0x00007f834c6fbd80, 0x00007f834c6fbf28]
Event: 10,887 Thread 0x00007f835c222800 nmethod 2311 0x00007f834c702990 code [0x00007f834c702ba0, 0x00007f834c7038e8]
Event: 10,887 Thread 0x00007f835c222800 2424       4       java.util.AbstractCollection::isEmpty (13 bytes)
Event: 10,887 Thread 0x00007f835c222800 nmethod 2424 0x00007f834c6ffad0 code [0x00007f834c6ffc20, 0x00007f834c6ffc98]
Event: 10,887 Thread 0x00007f835c222800 2495       4       com.sun.javafx.font.FontFileReader$Buffer::getChar (45 bytes)
Event: 10,888 Thread 0x00007f835c222800 nmethod 2495 0x00007f834c6ff7d0 code [0x00007f834c6ff920, 0x00007f834c6ff9f8]

GC Heap History (4 events):
Event: 1,211 GC heap before
{Heap before GC invocations=1 (full 0):
 PSYoungGen      total 36864K, used 31744K [0x00000000d7180000, 0x00000000d9a80000, 0x0000000100000000)
  eden space 31744K, 100% used [0x00000000d7180000,0x00000000d9080000,0x00000000d9080000)
  from space 5120K, 0% used [0x00000000d9580000,0x00000000d9580000,0x00000000d9a80000)
  to   space 5120K, 0% used [0x00000000d9080000,0x00000000d9080000,0x00000000d9580000)
 ParOldGen       total 84992K, used 0K [0x0000000085400000, 0x000000008a700000, 0x00000000d7180000)
  object space 84992K, 0% used [0x0000000085400000,0x0000000085400000,0x000000008a700000)
 Metaspace       used 11745K, capacity 12172K, committed 12416K, reserved 1060864K
  class space    used 1525K, capacity 1637K, committed 1664K, reserved 1048576K
Event: 1,218 GC heap after
Heap after GC invocations=1 (full 0):
 PSYoungGen      total 36864K, used 4121K [0x00000000d7180000, 0x00000000d9a80000, 0x0000000100000000)
  eden space 31744K, 0% used [0x00000000d7180000,0x00000000d7180000,0x00000000d9080000)
  from space 5120K, 80% used [0x00000000d9080000,0x00000000d9486538,0x00000000d9580000)
  to   space 5120K, 0% used [0x00000000d9580000,0x00000000d9580000,0x00000000d9a80000)
 ParOldGen       total 84992K, used 72K [0x0000000085400000, 0x000000008a700000, 0x00000000d7180000)
  object space 84992K, 0% used [0x0000000085400000,0x0000000085412010,0x000000008a700000)
 Metaspace       used 11745K, capacity 12172K, committed 12416K, reserved 1060864K
  class space    used 1525K, capacity 1637K, committed 1664K, reserved 1048576K
}
Event: 10,588 GC heap before
{Heap before GC invocations=2 (full 0):
 PSYoungGen      total 36864K, used 35865K [0x00000000d7180000, 0x00000000d9a80000, 0x0000000100000000)
  eden space 31744K, 100% used [0x00000000d7180000,0x00000000d9080000,0x00000000d9080000)
  from space 5120K, 80% used [0x00000000d9080000,0x00000000d9486538,0x00000000d9580000)
  to   space 5120K, 0% used [0x00000000d9580000,0x00000000d9580000,0x00000000d9a80000)
 ParOldGen       total 84992K, used 72K [0x0000000085400000, 0x000000008a700000, 0x00000000d7180000)
  object space 84992K, 0% used [0x0000000085400000,0x0000000085412010,0x000000008a700000)
 Metaspace       used 18880K, capacity 19812K, committed 19840K, reserved 1067008K
  class space    used 2732K, capacity 2923K, committed 2944K, reserved 1048576K
Event: 10,605 GC heap after
Heap after GC invocations=2 (full 0):
 PSYoungGen      total 36864K, used 5090K [0x00000000d7180000, 0x00000000d9a80000, 0x0000000100000000)
  eden space 31744K, 0% used [0x00000000d7180000,0x00000000d7180000,0x00000000d9080000)
  from space 5120K, 99% used [0x00000000d9580000,0x00000000d9a78ac0,0x00000000d9a80000)
  to   space 5120K, 0% used [0x00000000d9080000,0x00000000d9080000,0x00000000d9580000)
 ParOldGen       total 84992K, used 2704K [0x0000000085400000, 0x000000008a700000, 0x00000000d7180000)
  object space 84992K, 3% used [0x0000000085400000,0x00000000856a43d0,0x000000008a700000)
 Metaspace       used 18880K, capacity 19812K, committed 19840K, reserved 1067008K
  class space    used 2732K, capacity 2923K, committed 2944K, reserved 1048576K
}

Deoptimization events (10 events):
Event: 2,107 Thread 0x00007f835c3d6800 Uncommon trap: reason=unstable_if action=reinterpret pc=0x00007f834c301ce4 method=jdk.internal.org.objectweb.asm.Type.getArgumentsAndReturnSizes(Ljava/lang/String;)I @ 47
Event: 7,572 Thread 0x00007f835c3d6800 Uncommon trap: reason=unstable_if action=reinterpret pc=0x00007f834c1b8220 method=java.lang.CharacterData.of(I)Ljava/lang/CharacterData; @ 4
Event: 10,283 Thread 0x00007f835c3d6800 Uncommon trap: reason=range_check action=make_not_entrant pc=0x00007f834c569380 method=sun.reflect.generics.parser.SignatureParser.current()C @ 34
Event: 10,336 Thread 0x00007f835c3d6800 Uncommon trap: reason=class_check action=maybe_recompile pc=0x00007f834c2eff90 method=java.util.HashMap.putVal(ILjava/lang/Object;Ljava/lang/Object;ZZ)Ljava/lang/Object; @ 253
Event: 10,451 Thread 0x00007f835c3d6800 Uncommon trap: reason=unstable_if action=reinterpret pc=0x00007f834c40f434 method=java.lang.StrictMath.floorOrCeil(DDDD)D @ 38
Event: 10,720 Thread 0x00007f835c3d6800 Uncommon trap: reason=array_check action=maybe_recompile pc=0x00007f834c6b21f0 method=com.sun.javafx.css.SimpleSelector.applies(Ljavafx/css/Styleable;[Ljava/util/Set;I)Z @ 37
Event: 10,720 Thread 0x00007f835c3d6800 Uncommon trap: reason=array_check action=maybe_recompile pc=0x00007f834c6b21f0 method=com.sun.javafx.css.SimpleSelector.applies(Ljavafx/css/Styleable;[Ljava/util/Set;I)Z @ 37
Event: 10,720 Thread 0x00007f835c3d6800 Uncommon trap: reason=array_check action=maybe_recompile pc=0x00007f834c6b21f0 method=com.sun.javafx.css.SimpleSelector.applies(Ljavafx/css/Styleable;[Ljava/util/Set;I)Z @ 37
Event: 10,720 Thread 0x00007f835c3d6800 Uncommon trap: reason=array_check action=maybe_recompile pc=0x00007f834c6b21f0 method=com.sun.javafx.css.SimpleSelector.applies(Ljavafx/css/Styleable;[Ljava/util/Set;I)Z @ 37
Event: 10,854 Thread 0x00007f835c3d6800 Uncommon trap: reason=array_check action=maybe_recompile pc=0x00007f834c6dba58 method=com.sun.javafx.css.SimpleSelector.applies(Ljavafx/css/Styleable;[Ljava/util/Set;I)Z @ 37

Classes redefined (0 events):
No events

Internal exceptions (10 events):
Event: 1,092 Thread 0x00007f835c3d6800 Exception <a 'java/lang/ArrayIndexOutOfBoundsException'> (0x00000000d89fb428) thrown at [/HUDSON/workspace/8-2-build-linux-amd64/jdk8u191/11894/hotspot/src/share/vm/runtime/sharedRuntime.cpp, line 605]
Event: 1,093 Thread 0x00007f835c3d6800 Exception <a 'java/lang/ArrayIndexOutOfBoundsException'> (0x00000000d89fd2d0) thrown at [/HUDSON/workspace/8-2-build-linux-amd64/jdk8u191/11894/hotspot/src/share/vm/runtime/sharedRuntime.cpp, line 605]
Event: 1,130 Thread 0x00007f835c3d6800 Exception <a 'java/lang/ArrayIndexOutOfBoundsException'> (0x00000000d8adee48) thrown at [/HUDSON/workspace/8-2-build-linux-amd64/jdk8u191/11894/hotspot/src/share/vm/runtime/sharedRuntime.cpp, line 605]
Event: 1,131 Thread 0x00007f835c3d6800 Exception <a 'java/lang/ArrayIndexOutOfBoundsException'> (0x00000000d8ae0238) thrown at [/HUDSON/workspace/8-2-build-linux-amd64/jdk8u191/11894/hotspot/src/share/vm/runtime/sharedRuntime.cpp, line 605]
Event: 1,284 Thread 0x00007f835c3d6800 Exception <a 'java/io/FileNotFoundException'> (0x00000000d73ac480) thrown at [/HUDSON/workspace/8-2-build-linux-amd64/jdk8u191/11894/hotspot/src/share/vm/prims/jni.cpp, line 709]
Event: 1,598 Thread 0x00007f835c3d6800 Implicit null exception at 0x00007f834c1f2235 to 0x00007f834c1f2451
Event: 10,197 Thread 0x00007f835c3d6800 Exception <a 'java/lang/ArrayIndexOutOfBoundsException'> (0x00000000d866a110) thrown at [/HUDSON/workspace/8-2-build-linux-amd64/jdk8u191/11894/hotspot/src/share/vm/runtime/sharedRuntime.cpp, line 605]
Event: 10,197 Thread 0x00007f835c3d6800 Exception <a 'java/lang/ArrayIndexOutOfBoundsException'> (0x00000000d866c320) thrown at [/HUDSON/workspace/8-2-build-linux-amd64/jdk8u191/11894/hotspot/src/share/vm/runtime/sharedRuntime.cpp, line 605]
Event: 10,283 Thread 0x00007f835c3d6800 Exception <a 'java/lang/ArrayIndexOutOfBoundsException': 65> (0x00000000d8800cf0) thrown at [/HUDSON/workspace/8-2-build-linux-amd64/jdk8u191/11894/hotspot/src/share/vm/interpreter/interpreterRuntime.cpp, line 366]
Event: 10,408 Thread 0x00007f835c3d6800 Exception <a 'java/io/FileNotFoundException'> (0x00000000d8c3bdf8) thrown at [/HUDSON/workspace/8-2-build-linux-amd64/jdk8u191/11894/hotspot/src/share/vm/prims/jni.cpp, line 709]

Events (10 events):
Event: 10,870 loading class com/sun/scenario/animation/shared/InterpolationInterval$IntegerInterpolationInterval
Event: 10,870 loading class com/sun/scenario/animation/shared/InterpolationInterval$IntegerInterpolationInterval done
Event: 10,870 loading class com/sun/scenario/animation/shared/InterpolationInterval$TangentLongInterpolationInterval
Event: 10,870 loading class com/sun/scenario/animation/shared/InterpolationInterval$TangentLongInterpolationInterval done
Event: 10,871 loading class com/sun/scenario/animation/shared/InterpolationInterval$LongInterpolationInterval
Event: 10,871 loading class com/sun/scenario/animation/shared/InterpolationInterval$LongInterpolationInterval done
Event: 10,871 loading class com/sun/scenario/animation/shared/InterpolationInterval$ObjectInterpolationInterval
Event: 10,871 loading class com/sun/scenario/animation/shared/InterpolationInterval$ObjectInterpolationInterval done
Event: 10,874 loading class com/sun/scenario/animation/shared/InterpolationInterval$1
Event: 10,874 loading class com/sun/scenario/animation/shared/InterpolationInterval$1 done


Dynamic libraries:
00400000-00401000 r-xp 00000000 08:02 2235509                            /usr/lib/jvm/java-8-oracle/bin/java
00600000-00601000 r--p 00000000 08:02 2235509                            /usr/lib/jvm/java-8-oracle/bin/java
00601000-00602000 rw-p 00001000 08:02 2235509                            /usr/lib/jvm/java-8-oracle/bin/java
01983000-019a4000 rw-p 00000000 00:00 0                                  [heap]
85400000-8a700000 rw-p 00000000 00:00 0 
8a700000-d7180000 ---p 00000000 00:00 0 
d7180000-d9a80000 rw-p 00000000 00:00 0 
d9a80000-100000000 ---p 00000000 00:00 0 
100000000-100300000 rw-p 00000000 00:00 0 
100300000-140000000 ---p 00000000 00:00 0 
7f82d4000000-7f82d4021000 rw-p 00000000 00:00 0 
7f82d4021000-7f82d8000000 ---p 00000000 00:00 0 
7f82dc000000-7f82dc82c000 rw-p 00000000 00:00 0 
7f82dc82c000-7f82e0000000 ---p 00000000 00:00 0 
7f82e0000000-7f82e0021000 rw-p 00000000 00:00 0 
7f82e0021000-7f82e4000000 ---p 00000000 00:00 0 
7f82e4000000-7f82e4022000 rw-p 00000000 00:00 0 
7f82e4022000-7f82e8000000 ---p 00000000 00:00 0 
7f82e8000000-7f82e8021000 rw-p 00000000 00:00 0 
7f82e8021000-7f82ec000000 ---p 00000000 00:00 0 
7f82ec000000-7f82ec021000 rw-p 00000000 00:00 0 
7f82ec021000-7f82f0000000 ---p 00000000 00:00 0 
7f82f16ae000-7f82f175a000 r--p 00000000 08:02 3148473                    /usr/share/fonts/truetype/dejavu/DejaVuSans-Bold.ttf
7f82f175a000-7f82f181a000 rw-p 00000000 00:00 0 
7f82f181a000-7f82f195a000 ---p 00000000 00:00 0 
7f82f195a000-7f82f196a000 rw-s 00000000 00:19 1278                       /i915 (deleted)
7f82f196a000-7f82f197a000 rw-s 00000000 00:19 1276                       /i915 (deleted)
7f82f197a000-7f82f198a000 rw-s 00000000 00:19 1272                       /i915 (deleted)
7f82f198a000-7f82f1b4a000 rw-s 00000000 00:19 1268                       /i915 (deleted)
7f82f1b4a000-7f82f1b5a000 rw-s 00000000 00:19 1266                       /i915 (deleted)
7f82f1b5a000-7f82f1d1a000 rw-s 10079f000 00:06 328                       /dev/dri/card0
7f82f1d1a000-7f82f1d2a000 rw-s 00000000 00:19 1262                       /i915 (deleted)
7f82f1d2a000-7f82f1d36000 rw-s 00000000 00:19 1260                       /i915 (deleted)
7f82f1d36000-7f82f1f36000 rw-p 00000000 00:00 0 
7f82f1f36000-7f82f1f39000 ---p 00000000 00:00 0 
7f82f1f39000-7f82f2037000 rw-p 00000000 00:00 0 
7f82f2037000-7f82f20f0000 r--p 00000000 08:02 3148474                    /usr/share/fonts/truetype/dejavu/DejaVuSans.ttf
7f82f20f0000-7f82f212a000 r--p 00000000 08:02 2504203                    /usr/lib/jvm/java-8-oracle/jre/lib/fonts/LucidaTypewriterBold.ttf
7f82f212a000-7f82f213d000 r--p 00000000 08:02 2504204                    /usr/lib/jvm/java-8-oracle/jre/lib/fonts/LucidaBrightDemiBold.ttf
7f82f213d000-7f82f2150000 r--p 00000000 08:02 2504201                    /usr/lib/jvm/java-8-oracle/jre/lib/fonts/LucidaBrightDemiItalic.ttf
7f82f2150000-7f82f219e000 r--p 00000000 08:02 2504199                    /usr/lib/jvm/java-8-oracle/jre/lib/fonts/LucidaSansDemiBold.ttf
7f82f219e000-7f82f21f3000 r--p 00000000 08:02 2504198                    /usr/lib/jvm/java-8-oracle/jre/lib/fonts/LucidaBrightRegular.ttf
7f82f21f3000-7f82f229e000 r--p 00000000 08:02 2504197                    /usr/lib/jvm/java-8-oracle/jre/lib/fonts/LucidaSansRegular.ttf
7f82f229e000-7f82f22b2000 r--p 00000000 08:02 2504196                    /usr/lib/jvm/java-8-oracle/jre/lib/fonts/LucidaBrightItalic.ttf
7f82f22b2000-7f82f22ee000 r--p 00000000 08:02 2504202                    /usr/lib/jvm/java-8-oracle/jre/lib/fonts/LucidaTypewriterRegular.ttf
7f82f22ee000-7f82f22f2000 r-xp 00000000 08:02 2764370                    /usr/lib/jvm/java-8-oracle/jre/lib/amd64/libjavafx_font_pango.so
7f82f22f2000-7f82f24f1000 ---p 00004000 08:02 2764370                    /usr/lib/jvm/java-8-oracle/jre/lib/amd64/libjavafx_font_pango.so
7f82f24f1000-7f82f24f2000 r--p 00003000 08:02 2764370                    /usr/lib/jvm/java-8-oracle/jre/lib/amd64/libjavafx_font_pango.so
7f82f24f2000-7f82f24f3000 rw-p 00004000 08:02 2764370                    /usr/lib/jvm/java-8-oracle/jre/lib/amd64/libjavafx_font_pango.so
7f82f24f3000-7f82f26f3000 rw-p 00000000 00:00 0 
7f82f26f3000-7f82f28f3000 rw-p 00000000 00:00 0 
7f82f28f3000-7f82f28f8000 r-xp 00000000 08:02 2764373                    /usr/lib/jvm/java-8-oracle/jre/lib/amd64/libjavafx_font_freetype.so
7f82f28f8000-7f82f2af7000 ---p 00005000 08:02 2764373                    /usr/lib/jvm/java-8-oracle/jre/lib/amd64/libjavafx_font_freetype.so
7f82f2af7000-7f82f2af8000 r--p 00004000 08:02 2764373                    /usr/lib/jvm/java-8-oracle/jre/lib/amd64/libjavafx_font_freetype.so
7f82f2af8000-7f82f2af9000 rw-p 00005000 08:02 2764373                    /usr/lib/jvm/java-8-oracle/jre/lib/amd64/libjavafx_font_freetype.so
7f82f2af9000-7f82f2afc000 r-xp 00000000 08:02 2764421                    /usr/lib/jvm/java-8-oracle/jre/lib/amd64/libjavafx_font.so
7f82f2afc000-7f82f2cfb000 ---p 00003000 08:02 2764421                    /usr/lib/jvm/java-8-oracle/jre/lib/amd64/libjavafx_font.so
7f82f2cfb000-7f82f2cfc000 r--p 00002000 08:02 2764421                    /usr/lib/jvm/java-8-oracle/jre/lib/amd64/libjavafx_font.so
7f82f2cfc000-7f82f2cfd000 rw-p 00003000 08:02 2764421                    /usr/lib/jvm/java-8-oracle/jre/lib/amd64/libjavafx_font.so
7f82f2cfd000-7f82f2efd000 rw-p 00000000 00:00 0 
7f82f2efd000-7f82f2f00000 ---p 00000000 00:00 0 
7f82f2f00000-7f82f2ffe000 rw-p 00000000 00:00 0 
7f82f2ffe000-7f82f2fff000 ---p 00000000 00:00 0 
7f82f2fff000-7f82f37ff000 rw-p 00000000 00:00 0 
7f82f37ff000-7f82f3800000 ---p 00000000 00:00 0 
7f82f3800000-7f82f4000000 rw-p 00000000 00:00 0 
7f82f4000000-7f82f4021000 rw-p 00000000 00:00 0 
7f82f4021000-7f82f8000000 ---p 00000000 00:00 0 
7f82f8000000-7f82f8002000 rw-s 00000000 00:19 1141                       /i915 (deleted)
7f82f8002000-7f82f8004000 rw-s 00000000 00:19 525                        /i915 (deleted)
7f82f8004000-7f82f8006000 rw-s 00000000 00:19 1282                       /i915 (deleted)
7f82f8006000-7f82f8007000 rw-s 00000000 00:19 547                        /i915 (deleted)
7f82f8007000-7f82f8008000 rw-s 00000000 00:19 1257                       /i915 (deleted)
7f82f8008000-7f82f800b000 ---p 00000000 00:00 0 
7f82f800b000-7f82f8109000 rw-p 00000000 00:00 0 
7f82f8109000-7f82f810c000 ---p 00000000 00:00 0 
7f82f810c000-7f82f820a000 rw-p 00000000 00:00 0 
7f82f820a000-7f82f820b000 ---p 00000000 00:00 0 
7f82f820b000-7f82f8a0b000 rw-p 00000000 00:00 0 
7f82f8a0b000-7f82f8a16000 r-xp 00000000 08:02 2362629                    /usr/lib/x86_64-linux-gnu/gio/modules/libdconfsettings.so
7f82f8a16000-7f82f8c16000 ---p 0000b000 08:02 2362629                    /usr/lib/x86_64-linux-gnu/gio/modules/libdconfsettings.so
7f82f8c16000-7f82f8c17000 r--p 0000b000 08:02 2362629                    /usr/lib/x86_64-linux-gnu/gio/modules/libdconfsettings.so
7f82f8c17000-7f82f8c18000 rw-p 0000c000 08:02 2362629                    /usr/lib/x86_64-linux-gnu/gio/modules/libdconfsettings.so
7f82f8c18000-7f82f8c1f000 r-xp 00000000 08:02 2106215                    /usr/lib/x86_64-linux-gnu/libogg.so.0.8.2
7f82f8c1f000-7f82f8e1f000 ---p 00007000 08:02 2106215                    /usr/lib/x86_64-linux-gnu/libogg.so.0.8.2
7f82f8e1f000-7f82f8e20000 r--p 00007000 08:02 2106215                    /usr/lib/x86_64-linux-gnu/libogg.so.0.8.2
7f82f8e20000-7f82f8e21000 rw-p 00008000 08:02 2106215                    /usr/lib/x86_64-linux-gnu/libogg.so.0.8.2
7f82f8e21000-7f82f8e4b000 r-xp 00000000 08:02 2102770                    /usr/lib/x86_64-linux-gnu/libvorbis.so.0.4.8
7f82f8e4b000-7f82f904a000 ---p 0002a000 08:02 2102770                    /usr/lib/x86_64-linux-gnu/libvorbis.so.0.4.8
7f82f904a000-7f82f904b000 r--p 00029000 08:02 2102770                    /usr/lib/x86_64-linux-gnu/libvorbis.so.0.4.8
7f82f904b000-7f82f904c000 rw-p 0002a000 08:02 2102770                    /usr/lib/x86_64-linux-gnu/libvorbis.so.0.4.8
7f82f904c000-7f82f9055000 r-xp 00000000 08:02 2106076                    /usr/lib/x86_64-linux-gnu/libltdl.so.7.3.1
7f82f9055000-7f82f9254000 ---p 00009000 08:02 2106076                    /usr/lib/x86_64-linux-gnu/libltdl.so.7.3.1
7f82f9254000-7f82f9255000 r--p 00008000 08:02 2106076                    /usr/lib/x86_64-linux-gnu/libltdl.so.7.3.1
7f82f9255000-7f82f9256000 rw-p 00009000 08:02 2106076                    /usr/lib/x86_64-linux-gnu/libltdl.so.7.3.1
7f82f9256000-7f82f926a000 r-xp 00000000 08:02 2106464                    /usr/lib/x86_64-linux-gnu/libtdb.so.1.3.8
7f82f926a000-7f82f9469000 ---p 00014000 08:02 2106464                    /usr/lib/x86_64-linux-gnu/libtdb.so.1.3.8
7f82f9469000-7f82f946a000 r--p 00013000 08:02 2106464                    /usr/lib/x86_64-linux-gnu/libtdb.so.1.3.8
7f82f946a000-7f82f946b000 rw-p 00014000 08:02 2106464                    /usr/lib/x86_64-linux-gnu/libtdb.so.1.3.8
7f82f946b000-7f82f9472000 r-xp 00000000 08:02 2102860                    /usr/lib/x86_64-linux-gnu/libvorbisfile.so.3.3.7
7f82f9472000-7f82f9672000 ---p 00007000 08:02 2102860                    /usr/lib/x86_64-linux-gnu/libvorbisfile.so.3.3.7
7f82f9672000-7f82f9673000 r--p 00007000 08:02 2102860                    /usr/lib/x86_64-linux-gnu/libvorbisfile.so.3.3.7
7f82f9673000-7f82f9674000 rw-p 00008000 08:02 2102860                    /usr/lib/x86_64-linux-gnu/libvorbisfile.so.3.3.7
7f82f9674000-7f82f9684000 r-xp 00000000 08:02 2105457                    /usr/lib/x86_64-linux-gnu/libcanberra.so.0.2.5
7f82f9684000-7f82f9883000 ---p 00010000 08:02 2105457                    /usr/lib/x86_64-linux-gnu/libcanberra.so.0.2.5
7f82f9883000-7f82f9884000 r--p 0000f000 08:02 2105457                    /usr/lib/x86_64-linux-gnu/libcanberra.so.0.2.5
7f82f9884000-7f82f9885000 rw-p 00010000 08:02 2105457                    /usr/lib/x86_64-linux-gnu/libcanberra.so.0.2.5
7f82f9885000-7f82f9889000 r-xp 00000000 08:02 2105453                    /usr/lib/x86_64-linux-gnu/libcanberra-gtk.so.0.1.9
7f82f9889000-7f82f9a88000 ---p 00004000 08:02 2105453                    /usr/lib/x86_64-linux-gnu/libcanberra-gtk.so.0.1.9
7f82f9a88000-7f82f9a89000 r--p 00003000 08:02 2105453                    /usr/lib/x86_64-linux-gnu/libcanberra-gtk.so.0.1.9
7f82f9a89000-7f82f9a8a000 rw-p 00004000 08:02 2105453                    /usr/lib/x86_64-linux-gnu/libcanberra-gtk.so.0.1.9
7f82f9a8a000-7f82f9a8f000 r-xp 00000000 08:02 2490393                    /usr/lib/x86_64-linux-gnu/gtk-2.0/modules/libcanberra-gtk-module.so
7f82f9a8f000-7f82f9c8e000 ---p 00005000 08:02 2490393                    /usr/lib/x86_64-linux-gnu/gtk-2.0/modules/libcanberra-gtk-module.so
7f82f9c8e000-7f82f9c8f000 r--p 00004000 08:02 2490393                    /usr/lib/x86_64-linux-gnu/gtk-2.0/modules/libcanberra-gtk-module.so
7f82f9c8f000-7f82f9c90000 rw-p 00005000 08:02 2490393                    /usr/lib/x86_64-linux-gnu/gtk-2.0/modules/libcanberra-gtk-module.so
7f82f9c90000-7f82f9cc0000 r-xp 00000000 08:02 2490375                    /usr/lib/x86_64-linux-gnu/gtk-2.0/2.10.0/engines/libmurrine.so
7f82f9cc0000-7f82f9ec0000 ---p 00030000 08:02 2490375                    /usr/lib/x86_64-linux-gnu/gtk-2.0/2.10.0/engines/libmurrine.so
7f82f9ec0000-7f82f9ec1000 r--p 00030000 08:02 2490375                    /usr/lib/x86_64-linux-gnu/gtk-2.0/2.10.0/engines/libmurrine.so
7f82f9ec1000-7f82f9ec2000 rw-p 00031000 08:02 2490375                    /usr/lib/x86_64-linux-gnu/gtk-2.0/2.10.0/engines/libmurrine.so
7f82f9ec2000-7f82f9ed2000 r-xp 00000000 08:02 2106522                    /usr/lib/x86_64-linux-gnu/libunity-gtk2-parser.so.0.0.0
7f82f9ed2000-7f82fa0d2000 ---p 00010000 08:02 2106522                    /usr/lib/x86_64-linux-gnu/libunity-gtk2-parser.so.0.0.0
7f82fa0d2000-7f82fa0d3000 r--p 00010000 08:02 2106522                    /usr/lib/x86_64-linux-gnu/libunity-gtk2-parser.so.0.0.0
7f82fa0d3000-7f82fa0d4000 rw-p 00011000 08:02 2106522                    /usr/lib/x86_64-linux-gnu/libunity-gtk2-parser.so.0.0.0
7f82fa0d4000-7f82fa0d9000 r-xp 00000000 08:02 2490397                    /usr/lib/x86_64-linux-gnu/gtk-2.0/modules/libunity-gtk-module.so
7f82fa0d9000-7f82fa2d8000 ---p 00005000 08:02 2490397                    /usr/lib/x86_64-linux-gnu/gtk-2.0/modules/libunity-gtk-module.so
7f82fa2d8000-7f82fa2d9000 r--p 00004000 08:02 2490397                    /usr/lib/x86_64-linux-gnu/gtk-2.0/modules/libunity-gtk-module.so
7f82fa2d9000-7f82fa2da000 rw-p 00005000 08:02 2490397                    /usr/lib/x86_64-linux-gnu/gtk-2.0/modules/libunity-gtk-module.so
7f82fa2da000-7f82fa2ec000 r-xp 00000000 08:02 266758                     /lib/x86_64-linux-gnu/libgpg-error.so.0.17.0
7f82fa2ec000-7f82fa4ec000 ---p 00012000 08:02 266758                     /lib/x86_64-linux-gnu/libgpg-error.so.0.17.0
7f82fa4ec000-7f82fa4ed000 r--p 00012000 08:02 266758                     /lib/x86_64-linux-gnu/libgpg-error.so.0.17.0
7f82fa4ed000-7f82fa4ee000 rw-p 00013000 08:02 266758                     /lib/x86_64-linux-gnu/libgpg-error.so.0.17.0
7f82fa4ee000-7f82fa5c5000 r-xp 00000000 08:02 275090                     /lib/x86_64-linux-gnu/libgcrypt.so.20.0.5
7f82fa5c5000-7f82fa7c5000 ---p 000d7000 08:02 275090                     /lib/x86_64-linux-gnu/libgcrypt.so.20.0.5
7f82fa7c5000-7f82fa7c6000 r--p 000d7000 08:02 275090                     /lib/x86_64-linux-gnu/libgcrypt.so.20.0.5
7f82fa7c6000-7f82fa7ce000 rw-p 000d8000 08:02 275090                     /lib/x86_64-linux-gnu/libgcrypt.so.20.0.5
7f82fa7ce000-7f82fa7cf000 rw-p 00000000 00:00 0 
7f82fa7cf000-7f82fa7f0000 r-xp 00000000 08:02 266781                     /lib/x86_64-linux-gnu/liblzma.so.5.0.0
7f82fa7f0000-7f82fa9ef000 ---p 00021000 08:02 266781                     /lib/x86_64-linux-gnu/liblzma.so.5.0.0
7f82fa9ef000-7f82fa9f0000 r--p 00020000 08:02 266781                     /lib/x86_64-linux-gnu/liblzma.so.5.0.0
7f82fa9f0000-7f82fa9f1000 rw-p 00021000 08:02 266781                     /lib/x86_64-linux-gnu/liblzma.so.5.0.0
7f82fa9f1000-7f82faa3b000 r-xp 00000000 08:02 266730                     /lib/x86_64-linux-gnu/libdbus-1.so.3.14.6
7f82faa3b000-7f82fac3b000 ---p 0004a000 08:02 266730                     /lib/x86_64-linux-gnu/libdbus-1.so.3.14.6
7f82fac3b000-7f82fac3c000 r--p 0004a000 08:02 266730                     /lib/x86_64-linux-gnu/libdbus-1.so.3.14.6
7f82fac3c000-7f82fac3d000 rw-p 0004b000 08:02 266730                     /lib/x86_64-linux-gnu/libdbus-1.so.3.14.6
7f82fac3d000-7f82fac69000 r-xp 00000000 08:02 2105396                    /usr/lib/x86_64-linux-gnu/libatspi.so.0.0.1
7f82fac69000-7f82fae68000 ---p 0002c000 08:02 2105396                    /usr/lib/x86_64-linux-gnu/libatspi.so.0.0.1
7f82fae68000-7f82fae6b000 r--p 0002b000 08:02 2105396                    /usr/lib/x86_64-linux-gnu/libatspi.so.0.0.1
7f82fae6b000-7f82fae6c000 rw-p 0002e000 08:02 2105396                    /usr/lib/x86_64-linux-gnu/libatspi.so.0.0.1
7f82fae6c000-7f82fae99000 r-xp 00000000 08:02 2105390                    /usr/lib/x86_64-linux-gnu/libatk-bridge-2.0.so.0.0.0
7f82fae99000-7f82fb098000 ---p 0002d000 08:02 2105390                    /usr/lib/x86_64-linux-gnu/libatk-bridge-2.0.so.0.0.0
7f82fb098000-7f82fb099000 r--p 0002c000 08:02 2105390                    /usr/lib/x86_64-linux-gnu/libatk-bridge-2.0.so.0.0.0
7f82fb099000-7f82fb09b000 rw-p 0002d000 08:02 2105390                    /usr/lib/x86_64-linux-gnu/libatk-bridge-2.0.so.0.0.0
7f82fb09b000-7f82fb09c000 r-xp 00000000 08:02 2490392                    /usr/lib/x86_64-linux-gnu/gtk-2.0/modules/libatk-bridge.so
7f82fb09c000-7f82fb29b000 ---p 00001000 08:02 2490392                    /usr/lib/x86_64-linux-gnu/gtk-2.0/modules/libatk-bridge.so
7f82fb29b000-7f82fb29c000 r--p 00000000 08:02 2490392                    /usr/lib/x86_64-linux-gnu/gtk-2.0/modules/libatk-bridge.so
7f82fb29c000-7f82fb29d000 rw-p 00001000 08:02 2490392                    /usr/lib/x86_64-linux-gnu/gtk-2.0/modules/libatk-bridge.so
7f82fb29d000-7f82fb2a4000 r-xp 00000000 08:02 2097690                    /usr/lib/x86_64-linux-gnu/libgailutil.so.18.0.1
7f82fb2a4000-7f82fb4a3000 ---p 00007000 08:02 2097690                    /usr/lib/x86_64-linux-gnu/libgailutil.so.18.0.1
7f82fb4a3000-7f82fb4a4000 r--p 00006000 08:02 2097690                    /usr/lib/x86_64-linux-gnu/libgailutil.so.18.0.1
7f82fb4a4000-7f82fb4a5000 rw-p 00007000 08:02 2097690                    /usr/lib/x86_64-linux-gnu/libgailutil.so.18.0.1
7f82fb4a5000-7f82fb4f3000 r-xp 00000000 08:02 2492414                    /usr/lib/x86_64-linux-gnu/gtk-2.0/modules/libgail.so
7f82fb4f3000-7f82fb6f2000 ---p 0004e000 08:02 2492414                    /usr/lib/x86_64-linux-gnu/gtk-2.0/modules/libgail.so
7f82fb6f2000-7f82fb6f3000 r--p 0004d000 08:02 2492414                    /usr/lib/x86_64-linux-gnu/gtk-2.0/modules/libgail.so
7f82fb6f3000-7f82fb6f5000 rw-p 0004e000 08:02 2492414                    /usr/lib/x86_64-linux-gnu/gtk-2.0/modules/libgail.so
7f82fb6f5000-7f82fb706000 r-xp 00000000 08:02 2490396                    /usr/lib/x86_64-linux-gnu/gtk-2.0/modules/liboverlay-scrollbar.so
7f82fb706000-7f82fb906000 ---p 00011000 08:02 2490396                    /usr/lib/x86_64-linux-gnu/gtk-2.0/modules/liboverlay-scrollbar.so
7f82fb906000-7f82fb907000 r--p 00011000 08:02 2490396                    /usr/lib/x86_64-linux-gnu/gtk-2.0/modules/liboverlay-scrollbar.so
7f82fb907000-7f82fb908000 rw-p 00012000 08:02 2490396                    /usr/lib/x86_64-linux-gnu/gtk-2.0/modules/liboverlay-scrollbar.so
7f82fb908000-7f82fb94b000 r-xp 00000000 08:02 2764395                    /usr/lib/jvm/java-8-oracle/jre/lib/amd64/libglass.so
7f82fb94b000-7f82fbb4b000 ---p 00043000 08:02 2764395                    /usr/lib/jvm/java-8-oracle/jre/lib/amd64/libglass.so
7f82fbb4b000-7f82fbb4d000 r--p 00043000 08:02 2764395                    /usr/lib/jvm/java-8-oracle/jre/lib/amd64/libglass.so
7f82fbb4d000-7f82fbb4e000 rw-p 00045000 08:02 2764395                    /usr/lib/jvm/java-8-oracle/jre/lib/amd64/libglass.so
7f82fbb4e000-7f82fbb4f000 rw-p 00000000 00:00 0 
7f82fbb4f000-7f82fbb57000 r-xp 00000000 08:02 2106257                    /usr/lib/x86_64-linux-gnu/libpciaccess.so.0.11.1
7f82fbb57000-7f82fbd57000 ---p 00008000 08:02 2106257                    /usr/lib/x86_64-linux-gnu/libpciaccess.so.0.11.1
7f82fbd57000-7f82fbd58000 r--p 00008000 08:02 2106257                    /usr/lib/x86_64-linux-gnu/libpciaccess.so.0.11.1
7f82fbd58000-7f82fbd59000 rw-p 00009000 08:02 2106257                    /usr/lib/x86_64-linux-gnu/libpciaccess.so.0.11.1
7f82fbd59000-7f82fbd6f000 r-xp 00000000 08:02 266752                     /lib/x86_64-linux-gnu/libgcc_s.so.1
7f82fbd6f000-7f82fbf6e000 ---p 00016000 08:02 266752                     /lib/x86_64-linux-gnu/libgcc_s.so.1
7f82fbf6e000-7f82fbf6f000 rw-p 00015000 08:02 266752                     /lib/x86_64-linux-gnu/libgcc_s.so.1
7f82fbf6f000-7f82fc0e1000 r-xp 00000000 08:02 2101461                    /usr/lib/x86_64-linux-gnu/libstdc++.so.6.0.21
7f82fc0e1000-7f82fc2e1000 ---p 00172000 08:02 2101461                    /usr/lib/x86_64-linux-gnu/libstdc++.so.6.0.21
7f82fc2e1000-7f82fc2eb000 r--p 00172000 08:02 2101461                    /usr/lib/x86_64-linux-gnu/libstdc++.so.6.0.21
7f82fc2eb000-7f82fc2ed000 rw-p 0017c000 08:02 2101461                    /usr/lib/x86_64-linux-gnu/libstdc++.so.6.0.21
7f82fc2ed000-7f82fc2f1000 rw-p 00000000 00:00 0 
7f82fc2f1000-7f82fc2fc000 r-xp 00000000 08:02 2104505                    /usr/lib/x86_64-linux-gnu/libdrm_radeon.so.1.0.1
7f82fc2fc000-7f82fc4fb000 ---p 0000b000 08:02 2104505                    /usr/lib/x86_64-linux-gnu/libdrm_radeon.so.1.0.1
7f82fc4fb000-7f82fc4fc000 r--p 0000a000 08:02 2104505                    /usr/lib/x86_64-linux-gnu/libdrm_radeon.so.1.0.1
7f82fc4fc000-7f82fc4fd000 rw-p 0000b000 08:02 2104505                    /usr/lib/x86_64-linux-gnu/libdrm_radeon.so.1.0.1
7f82fc4fd000-7f82fc504000 r-xp 00000000 08:02 2104503                    /usr/lib/x86_64-linux-gnu/libdrm_nouveau.so.2.0.0
7f82fc504000-7f82fc703000 ---p 00007000 08:02 2104503                    /usr/lib/x86_64-linux-gnu/libdrm_nouveau.so.2.0.0
7f82fc703000-7f82fc704000 r--p 00006000 08:02 2104503                    /usr/lib/x86_64-linux-gnu/libdrm_nouveau.so.2.0.0
7f82fc704000-7f82fc705000 rw-p 00007000 08:02 2104503                    /usr/lib/x86_64-linux-gnu/libdrm_nouveau.so.2.0.0
7f82fc705000-7f82fc727000 r-xp 00000000 08:02 2102619                    /usr/lib/x86_64-linux-gnu/libdrm_intel.so.1.0.0
7f82fc727000-7f82fc927000 ---p 00022000 08:02 2102619                    /usr/lib/x86_64-linux-gnu/libdrm_intel.so.1.0.0
7f82fc927000-7f82fc928000 r--p 00022000 08:02 2102619                    /usr/lib/x86_64-linux-gnu/libdrm_intel.so.1.0.0
7f82fc928000-7f82fc929000 rw-p 00023000 08:02 2102619                    /usr/lib/x86_64-linux-gnu/libdrm_intel.so.1.0.0
7f82fc929000-7f82fd209000 r-xp 00000000 08:02 2360397                    /usr/lib/x86_64-linux-gnu/dri/i965_dri.so
7f82fd209000-7f82fd409000 ---p 008e0000 08:02 2360397                    /usr/lib/x86_64-linux-gnu/dri/i965_dri.so
7f82fd409000-7f82fd459000 r--p 008e0000 08:02 2360397                    /usr/lib/x86_64-linux-gnu/dri/i965_dri.so
7f82fd459000-7f82fd464000 rw-p 00930000 08:02 2360397                    /usr/lib/x86_64-linux-gnu/dri/i965_dri.so
7f82fd464000-7f82fd509000 rw-p 00000000 00:00 0 
7f82fd509000-7f82fd50f000 r-xp 00000000 08:02 2105543                    /usr/lib/x86_64-linux-gnu/libdatrie.so.1.3.3
7f82fd50f000-7f82fd70f000 ---p 00006000 08:02 2105543                    /usr/lib/x86_64-linux-gnu/libdatrie.so.1.3.3
7f82fd70f000-7f82fd710000 r--p 00006000 08:02 2105543                    /usr/lib/x86_64-linux-gnu/libdatrie.so.1.3.3
7f82fd710000-7f82fd711000 rw-p 00007000 08:02 2105543                    /usr/lib/x86_64-linux-gnu/libdatrie.so.1.3.3
7f82fd711000-7f82fd716000 r-xp 00000000 08:02 2105293                    /usr/lib/x86_64-linux-gnu/libXdmcp.so.6.0.0
7f82fd716000-7f82fd915000 ---p 00005000 08:02 2105293                    /usr/lib/x86_64-linux-gnu/libXdmcp.so.6.0.0
7f82fd915000-7f82fd916000 r--p 00004000 08:02 2105293                    /usr/lib/x86_64-linux-gnu/libXdmcp.so.6.0.0
7f82fd916000-7f82fd917000 rw-p 00005000 08:02 2105293                    /usr/lib/x86_64-linux-gnu/libXdmcp.so.6.0.0
7f82fd917000-7f82fd919000 r-xp 00000000 08:02 2105282                    /usr/lib/x86_64-linux-gnu/libXau.so.6.0.0
7f82fd919000-7f82fdb19000 ---p 00002000 08:02 2105282                    /usr/lib/x86_64-linux-gnu/libXau.so.6.0.0
7f82fdb19000-7f82fdb1a000 r--p 00002000 08:02 2105282                    /usr/lib/x86_64-linux-gnu/libXau.so.6.0.0
7f82fdb1a000-7f82fdb1b000 rw-p 00003000 08:02 2105282                    /usr/lib/x86_64-linux-gnu/libXau.so.6.0.0
7f82fdb1b000-7f82fdb3f000 r-xp 00000000 08:02 2098571                    /usr/lib/x86_64-linux-gnu/libgraphite2.so.3.0.1
7f82fdb3f000-7f82fdd3e000 ---p 00024000 08:02 2098571                    /usr/lib/x86_64-linux-gnu/libgraphite2.so.3.0.1
7f82fdd3e000-7f82fdd40000 r--p 00023000 08:02 2098571                    /usr/lib/x86_64-linux-gnu/libgraphite2.so.3.0.1
7f82fdd40000-7f82fdd41000 rw-p 00025000 08:02 2098571                    /usr/lib/x86_64-linux-gnu/libgraphite2.so.3.0.1
7f82fdd41000-7f82fdd51000 r-xp 00000000 08:02 2099655                    /usr/lib/x86_64-linux-gnu/libdrm.so.2.4.0
7f82fdd51000-7f82fdf51000 ---p 00010000 08:02 2099655                    /usr/lib/x86_64-linux-gnu/libdrm.so.2.4.0
7f82fdf51000-7f82fdf52000 r--p 00010000 08:02 2099655                    /usr/lib/x86_64-linux-gnu/libdrm.so.2.4.0
7f82fdf52000-7f82fdf53000 rw-p 00011000 08:02 2099655                    /usr/lib/x86_64-linux-gnu/libdrm.so.2.4.0
7f82fdf53000-7f82fdf57000 r-xp 00000000 08:02 2106668                    /usr/lib/x86_64-linux-gnu/libxcb-dri2.so.0.0.0
7f82fdf57000-7f82fe156000 ---p 00004000 08:02 2106668                    /usr/lib/x86_64-linux-gnu/libxcb-dri2.so.0.0.0
7f82fe156000-7f82fe157000 r--p 00003000 08:02 2106668                    /usr/lib/x86_64-linux-gnu/libxcb-dri2.so.0.0.0
7f82fe157000-7f82fe158000 rw-p 00004000 08:02 2106668                    /usr/lib/x86_64-linux-gnu/libxcb-dri2.so.0.0.0
7f82fe158000-7f82fe16f000 r-xp 00000000 08:02 2106672                    /usr/lib/x86_64-linux-gnu/libxcb-glx.so.0.0.0
7f82fe16f000-7f82fe36e000 ---p 00017000 08:02 2106672                    /usr/lib/x86_64-linux-gnu/libxcb-glx.so.0.0.0
7f82fe36e000-7f82fe370000 r--p 00016000 08:02 2106672                    /usr/lib/x86_64-linux-gnu/libxcb-glx.so.0.0.0
7f82fe370000-7f82fe371000 rw-p 00018000 08:02 2106672                    /usr/lib/x86_64-linux-gnu/libxcb-glx.so.0.0.0
7f82fe371000-7f82fe372000 r-xp 00000000 08:02 2102212                    /usr/lib/x86_64-linux-gnu/libX11-xcb.so.1.0.0
7f82fe372000-7f82fe571000 ---p 00001000 08:02 2102212                    /usr/lib/x86_64-linux-gnu/libX11-xcb.so.1.0.0
7f82fe571000-7f82fe572000 r--p 00000000 08:02 2102212                    /usr/lib/x86_64-linux-gnu/libX11-xcb.so.1.0.0
7f82fe572000-7f82fe573000 rw-p 00001000 08:02 2102212                    /usr/lib/x86_64-linux-gnu/libX11-xcb.so.1.0.0
7f82fe573000-7f82fe59f000 r-xp 00000000 08:02 2099671                    /usr/lib/x86_64-linux-gnu/libglapi.so.0.0.0
7f82fe59f000-7f82fe79e000 ---p 0002c000 08:02 2099671                    /usr/lib/x86_64-linux-gnu/libglapi.so.0.0.0
7f82fe79e000-7f82fe7a2000 r--p 0002b000 08:02 2099671                    /usr/lib/x86_64-linux-gnu/libglapi.so.0.0.0
7f82fe7a2000-7f82fe7a3000 rw-p 0002f000 08:02 2099671                    /usr/lib/x86_64-linux-gnu/libglapi.so.0.0.0
7f82fe7a3000-7f82fe7a4000 rw-p 00000000 00:00 0 
7f82fe7a4000-7f82fe7a5000 r-xp 00000000 08:02 2106712                    /usr/lib/x86_64-linux-gnu/libxshmfence.so.1.0.0
7f82fe7a5000-7f82fe9a5000 ---p 00001000 08:02 2106712                    /usr/lib/x86_64-linux-gnu/libxshmfence.so.1.0.0
7f82fe9a5000-7f82fe9a6000 r--p 00001000 08:02 2106712                    /usr/lib/x86_64-linux-gnu/libxshmfence.so.1.0.0
7f82fe9a6000-7f82fe9a7000 rw-p 00002000 08:02 2106712                    /usr/lib/x86_64-linux-gnu/libxshmfence.so.1.0.0
7f82fe9a7000-7f82fe9ac000 r-xp 00000000 08:02 2106692                    /usr/lib/x86_64-linux-gnu/libxcb-sync.so.1.0.0
7f82fe9ac000-7f82febac000 ---p 00005000 08:02 2106692                    /usr/lib/x86_64-linux-gnu/libxcb-sync.so.1.0.0
7f82febac000-7f82febad000 r--p 00005000 08:02 2106692                    /usr/lib/x86_64-linux-gnu/libxcb-sync.so.1.0.0
7f82febad000-7f82febae000 rw-p 00006000 08:02 2106692                    /usr/lib/x86_64-linux-gnu/libxcb-sync.so.1.0.0
7f82febae000-7f82febb0000 r-xp 00000000 08:02 2106680                    /usr/lib/x86_64-linux-gnu/libxcb-present.so.0.0.0
7f82febb0000-7f82fedaf000 ---p 00002000 08:02 2106680                    /usr/lib/x86_64-linux-gnu/libxcb-present.so.0.0.0
7f82fedaf000-7f82fedb0000 r--p 00001000 08:02 2106680                    /usr/lib/x86_64-linux-gnu/libxcb-present.so.0.0.0
7f82fedb0000-7f82fedb1000 rw-p 00002000 08:02 2106680                    /usr/lib/x86_64-linux-gnu/libxcb-present.so.0.0.0
7f82fedb1000-7f82fedb3000 r-xp 00000000 08:02 2106670                    /usr/lib/x86_64-linux-gnu/libxcb-dri3.so.0.0.0
7f82fedb3000-7f82fefb2000 ---p 00002000 08:02 2106670                    /usr/lib/x86_64-linux-gnu/libxcb-dri3.so.0.0.0
7f82fefb2000-7f82fefb3000 r--p 00001000 08:02 2106670                    /usr/lib/x86_64-linux-gnu/libxcb-dri3.so.0.0.0
7f82fefb3000-7f82fefb4000 rw-p 00002000 08:02 2106670                    /usr/lib/x86_64-linux-gnu/libxcb-dri3.so.0.0.0
7f82fefb4000-7f82ff022000 r-xp 00000000 08:02 266843                     /lib/x86_64-linux-gnu/libpcre.so.3.13.2
7f82ff022000-7f82ff222000 ---p 0006e000 08:02 266843                     /lib/x86_64-linux-gnu/libpcre.so.3.13.2
7f82ff222000-7f82ff223000 r--p 0006e000 08:02 266843                     /lib/x86_64-linux-gnu/libpcre.so.3.13.2
7f82ff223000-7f82ff224000 rw-p 0006f000 08:02 266843                     /lib/x86_64-linux-gnu/libpcre.so.3.13.2
7f82ff224000-7f82ff22b000 r-xp 00000000 08:02 2105672                    /usr/lib/x86_64-linux-gnu/libffi.so.6.0.4
7f82ff22b000-7f82ff42a000 ---p 00007000 08:02 2105672                    /usr/lib/x86_64-linux-gnu/libffi.so.6.0.4
7f82ff42a000-7f82ff42b000 r--p 00006000 08:02 2105672                    /usr/lib/x86_64-linux-gnu/libffi.so.6.0.4
7f82ff42b000-7f82ff42c000 rw-p 00007000 08:02 2105672                    /usr/lib/x86_64-linux-gnu/libffi.so.6.0.4
7f82ff42c000-7f82ff452000 r-xp 00000000 08:02 266745                     /lib/x86_64-linux-gnu/libexpat.so.1.6.0
7f82ff452000-7f82ff652000 ---p 00026000 08:02 266745                     /lib/x86_64-linux-gnu/libexpat.so.1.6.0
7f82ff652000-7f82ff654000 r--p 00026000 08:02 266745                     /lib/x86_64-linux-gnu/libexpat.so.1.6.0
7f82ff654000-7f82ff655000 rw-p 00028000 08:02 266745                     /lib/x86_64-linux-gnu/libexpat.so.1.6.0
7f82ff655000-7f82ff65d000 r-xp 00000000 08:02 2106472                    /usr/lib/x86_64-linux-gnu/libthai.so.0.2.4
7f82ff65d000-7f82ff85c000 ---p 00008000 08:02 2106472                    /usr/lib/x86_64-linux-gnu/libthai.so.0.2.4
7f82ff85c000-7f82ff85d000 r--p 00007000 08:02 2106472                    /usr/lib/x86_64-linux-gnu/libthai.so.0.2.4
7f82ff85d000-7f82ff85e000 rw-p 00008000 08:02 2106472                    /usr/lib/x86_64-linux-gnu/libthai.so.0.2.4
7f82ff85e000-7f82ff87f000 r-xp 00000000 08:02 2106700                    /usr/lib/x86_64-linux-gnu/libxcb.so.1.1.0
7f82ff87f000-7f82ffa7e000 ---p 00021000 08:02 2106700                    /usr/lib/x86_64-linux-gnu/libxcb.so.1.1.0
7f82ffa7e000-7f82ffa7f000 r--p 00020000 08:02 2106700                    /usr/lib/x86_64-linux-gnu/libxcb.so.1.1.0
7f82ffa7f000-7f82ffa80000 rw-p 00021000 08:02 2106700                    /usr/lib/x86_64-linux-gnu/libxcb.so.1.1.0
7f82ffa80000-7f82ffa88000 r-xp 00000000 08:02 2106686                    /usr/lib/x86_64-linux-gnu/libxcb-render.so.0.0.0
7f82ffa88000-7f82ffc88000 ---p 00008000 08:02 2106686                    /usr/lib/x86_64-linux-gnu/libxcb-render.so.0.0.0
7f82ffc88000-7f82ffc89000 r--p 00008000 08:02 2106686                    /usr/lib/x86_64-linux-gnu/libxcb-render.so.0.0.0
7f82ffc89000-7f82ffc8a000 rw-p 00009000 08:02 2106686                    /usr/lib/x86_64-linux-gnu/libxcb-render.so.0.0.0
7f82ffc8a000-7f82ffc8c000 r-xp 00000000 08:02 2106690                    /usr/lib/x86_64-linux-gnu/libxcb-shm.so.0.0.0
7f82ffc8c000-7f82ffe8c000 ---p 00002000 08:02 2106690                    /usr/lib/x86_64-linux-gnu/libxcb-shm.so.0.0.0
7f82ffe8c000-7f82ffe8d000 r--p 00002000 08:02 2106690                    /usr/lib/x86_64-linux-gnu/libxcb-shm.so.0.0.0
7f82ffe8d000-7f82ffe8e000 rw-p 00003000 08:02 2106690                    /usr/lib/x86_64-linux-gnu/libxcb-shm.so.0.0.0
7f82ffe8e000-7f82ffeb2000 r-xp 00000000 08:02 262332                     /lib/x86_64-linux-gnu/libpng12.so.0.54.0
7f82ffeb2000-7f83000b1000 ---p 00024000 08:02 262332                     /lib/x86_64-linux-gnu/libpng12.so.0.54.0
7f83000b1000-7f83000b2000 r--p 00023000 08:02 262332                     /lib/x86_64-linux-gnu/libpng12.so.0.54.0
7f83000b2000-7f83000b3000 rw-p 00024000 08:02 262332                     /lib/x86_64-linux-gnu/libpng12.so.0.54.0
7f83000b3000-7f8300152000 r-xp 00000000 08:02 2106271                    /usr/lib/x86_64-linux-gnu/libpixman-1.so.0.33.6
7f8300152000-7f8300352000 ---p 0009f000 08:02 2106271                    /usr/lib/x86_64-linux-gnu/libpixman-1.so.0.33.6
7f8300352000-7f830035a000 r--p 0009f000 08:02 2106271                    /usr/lib/x86_64-linux-gnu/libpixman-1.so.0.33.6
7f830035a000-7f830035b000 rw-p 000a7000 08:02 2106271                    /usr/lib/x86_64-linux-gnu/libpixman-1.so.0.33.6
7f830035b000-7f83003b7000 r-xp 00000000 08:02 2105935                    /usr/lib/x86_64-linux-gnu/libharfbuzz.so.0.10000.1
7f83003b7000-7f83005b7000 ---p 0005c000 08:02 2105935                    /usr/lib/x86_64-linux-gnu/libharfbuzz.so.0.10000.1
7f83005b7000-7f83005b8000 r--p 0005c000 08:02 2105935                    /usr/lib/x86_64-linux-gnu/libharfbuzz.so.0.10000.1
7f83005b8000-7f83005b9000 rw-p 0005d000 08:02 2105935                    /usr/lib/x86_64-linux-gnu/libharfbuzz.so.0.10000.1
7f83005b9000-7f83005d0000 r-xp 00000000 08:02 263075                     /lib/x86_64-linux-gnu/libresolv-2.23.so
7f83005d0000-7f83007d0000 ---p 00017000 08:02 263075                     /lib/x86_64-linux-gnu/libresolv-2.23.so
7f83007d0000-7f83007d1000 r--p 00017000 08:02 263075                     /lib/x86_64-linux-gnu/libresolv-2.23.so
7f83007d1000-7f83007d2000 rw-p 00018000 08:02 263075                     /lib/x86_64-linux-gnu/libresolv-2.23.so
7f83007d2000-7f83007d4000 rw-p 00000000 00:00 0 
7f83007d4000-7f83007f3000 r-xp 00000000 08:02 266872                     /lib/x86_64-linux-gnu/libselinux.so.1
7f83007f3000-7f83009f2000 ---p 0001f000 08:02 266872                     /lib/x86_64-linux-gnu/libselinux.so.1
7f83009f2000-7f83009f3000 r--p 0001e000 08:02 266872                     /lib/x86_64-linux-gnu/libselinux.so.1
7f83009f3000-7f83009f4000 rw-p 0001f000 08:02 266872                     /lib/x86_64-linux-gnu/libselinux.so.1
7f83009f4000-7f83009f6000 rw-p 00000000 00:00 0 
7f83009f6000-7f8300a0f000 r-xp 00000000 08:02 266905                     /lib/x86_64-linux-gnu/libz.so.1.2.8
7f8300a0f000-7f8300c0e000 ---p 00019000 08:02 266905                     /lib/x86_64-linux-gnu/libz.so.1.2.8
7f8300c0e000-7f8300c0f000 r--p 00018000 08:02 266905                     /lib/x86_64-linux-gnu/libz.so.1.2.8
7f8300c0f000-7f8300c10000 rw-p 00019000 08:02 266905                     /lib/x86_64-linux-gnu/libz.so.1.2.8
7f8300c10000-7f8300c21000 r-xp 00000000 08:02 2105295                    /usr/lib/x86_64-linux-gnu/libXext.so.6.4.0
7f8300c21000-7f8300e20000 ---p 00011000 08:02 2105295                    /usr/lib/x86_64-linux-gnu/libXext.so.6.4.0
7f8300e20000-7f8300e21000 r--p 00010000 08:02 2105295                    /usr/lib/x86_64-linux-gnu/libXext.so.6.4.0
7f8300e21000-7f8300e22000 rw-p 00011000 08:02 2105295                    /usr/lib/x86_64-linux-gnu/libXext.so.6.4.0
7f8300e22000-7f8300e24000 r-xp 00000000 08:02 2105291                    /usr/lib/x86_64-linux-gnu/libXdamage.so.1.1.0
7f8300e24000-7f8301023000 ---p 00002000 08:02 2105291                    /usr/lib/x86_64-linux-gnu/libXdamage.so.1.1.0
7f8301023000-7f8301024000 r--p 00001000 08:02 2105291                    /usr/lib/x86_64-linux-gnu/libXdamage.so.1.1.0
7f8301024000-7f8301025000 rw-p 00002000 08:02 2105291                    /usr/lib/x86_64-linux-gnu/libXdamage.so.1.1.0
7f8301025000-7f8301027000 r-xp 00000000 08:02 2105287                    /usr/lib/x86_64-linux-gnu/libXcomposite.so.1.0.0
7f8301027000-7f8301226000 ---p 00002000 08:02 2105287                    /usr/lib/x86_64-linux-gnu/libXcomposite.so.1.0.0
7f8301226000-7f8301227000 r--p 00001000 08:02 2105287                    /usr/lib/x86_64-linux-gnu/libXcomposite.so.1.0.0
7f8301227000-7f8301228000 rw-p 00002000 08:02 2105287                    /usr/lib/x86_64-linux-gnu/libXcomposite.so.1.0.0
7f8301228000-7f8301231000 r-xp 00000000 08:02 2098201                    /usr/lib/x86_64-linux-gnu/libXcursor.so.1.0.2
7f8301231000-7f8301430000 ---p 00009000 08:02 2098201                    /usr/lib/x86_64-linux-gnu/libXcursor.so.1.0.2
7f8301430000-7f8301431000 r--p 00008000 08:02 2098201                    /usr/lib/x86_64-linux-gnu/libXcursor.so.1.0.2
7f8301431000-7f8301432000 rw-p 00009000 08:02 2098201                    /usr/lib/x86_64-linux-gnu/libXcursor.so.1.0.2
7f8301432000-7f830143c000 r-xp 00000000 08:02 2105315                    /usr/lib/x86_64-linux-gnu/libXrandr.so.2.2.0
7f830143c000-7f830163b000 ---p 0000a000 08:02 2105315                    /usr/lib/x86_64-linux-gnu/libXrandr.so.2.2.0
7f830163b000-7f830163c000 r--p 00009000 08:02 2105315                    /usr/lib/x86_64-linux-gnu/libXrandr.so.2.2.0
7f830163c000-7f830163d000 rw-p 0000a000 08:02 2105315                    /usr/lib/x86_64-linux-gnu/libXrandr.so.2.2.0
7f830163d000-7f830164c000 r-xp 00000000 08:02 2105305                    /usr/lib/x86_64-linux-gnu/libXi.so.6.1.0
7f830164c000-7f830184b000 ---p 0000f000 08:02 2105305                    /usr/lib/x86_64-linux-gnu/libXi.so.6.1.0
7f830184b000-7f830184c000 r--p 0000e000 08:02 2105305                    /usr/lib/x86_64-linux-gnu/libXi.so.6.1.0
7f830184c000-7f830184d000 rw-p 0000f000 08:02 2105305                    /usr/lib/x86_64-linux-gnu/libXi.so.6.1.0
7f830184d000-7f830184f000 r-xp 00000000 08:02 2105307                    /usr/lib/x86_64-linux-gnu/libXinerama.so.1.0.0
7f830184f000-7f8301a4e000 ---p 00002000 08:02 2105307                    /usr/lib/x86_64-linux-gnu/libXinerama.so.1.0.0
7f8301a4e000-7f8301a4f000 r--p 00001000 08:02 2105307                    /usr/lib/x86_64-linux-gnu/libXinerama.so.1.0.0
7f8301a4f000-7f8301a50000 rw-p 00002000 08:02 2105307                    /usr/lib/x86_64-linux-gnu/libXinerama.so.1.0.0
7f8301a50000-7f8301a59000 r-xp 00000000 08:02 2105317                    /usr/lib/x86_64-linux-gnu/libXrender.so.1.3.0
7f8301a59000-7f8301c58000 ---p 00009000 08:02 2105317                    /usr/lib/x86_64-linux-gnu/libXrender.so.1.3.0
7f8301c58000-7f8301c59000 r--p 00008000 08:02 2105317                    /usr/lib/x86_64-linux-gnu/libXrender.so.1.3.0
7f8301c59000-7f8301c5a000 rw-p 00009000 08:02 2105317                    /usr/lib/x86_64-linux-gnu/libXrender.so.1.3.0
7f8301c5a000-7f8301c5f000 r-xp 00000000 08:02 2105297                    /usr/lib/x86_64-linux-gnu/libXfixes.so.3.1.0
7f8301c5f000-7f8301e5e000 ---p 00005000 08:02 2105297                    /usr/lib/x86_64-linux-gnu/libXfixes.so.3.1.0
7f8301e5e000-7f8301e5f000 r--p 00004000 08:02 2105297                    /usr/lib/x86_64-linux-gnu/libXfixes.so.3.1.0
7f8301e5f000-7f8301e60000 rw-p 00005000 08:02 2105297                    /usr/lib/x86_64-linux-gnu/libXfixes.so.3.1.0
7f8301e60000-7f8301ed0000 r-xp 00000000 08:02 2360335                    /usr/lib/x86_64-linux-gnu/mesa/libGL.so.1.2.0
7f8301ed0000-7f83020cf000 ---p 00070000 08:02 2360335                    /usr/lib/x86_64-linux-gnu/mesa/libGL.so.1.2.0
7f83020cf000-7f83020d2000 r--p 0006f000 08:02 2360335                    /usr/lib/x86_64-linux-gnu/mesa/libGL.so.1.2.0
7f83020d2000-7f83020d3000 rw-p 00072000 08:02 2360335                    /usr/lib/x86_64-linux-gnu/mesa/libGL.so.1.2.0
7f83020d3000-7f83020d4000 rw-p 00000000 00:00 0 
7f83020d4000-7f83020d9000 r-xp 00000000 08:02 2105333                    /usr/lib/x86_64-linux-gnu/libXxf86vm.so.1.0.0
7f83020d9000-7f83022d8000 ---p 00005000 08:02 2105333                    /usr/lib/x86_64-linux-gnu/libXxf86vm.so.1.0.0
7f83022d8000-7f83022d9000 r--p 00004000 08:02 2105333                    /usr/lib/x86_64-linux-gnu/libXxf86vm.so.1.0.0
7f83022d9000-7f83022da000 rw-p 00005000 08:02 2105333                    /usr/lib/x86_64-linux-gnu/libXxf86vm.so.1.0.0
7f83022da000-7f830240f000 r-xp 00000000 08:02 2102498                    /usr/lib/x86_64-linux-gnu/libX11.so.6.3.0
7f830240f000-7f830260f000 ---p 00135000 08:02 2102498                    /usr/lib/x86_64-linux-gnu/libX11.so.6.3.0
7f830260f000-7f8302610000 r--p 00135000 08:02 2102498                    /usr/lib/x86_64-linux-gnu/libX11.so.6.3.0
7f8302610000-7f8302614000 rw-p 00136000 08:02 2102498                    /usr/lib/x86_64-linux-gnu/libX11.so.6.3.0
7f8302614000-7f8302619000 r-xp 00000000 08:02 2105323                    /usr/lib/x86_64-linux-gnu/libXtst.so.6.1.0
7f8302619000-7f8302818000 ---p 00005000 08:02 2105323                    /usr/lib/x86_64-linux-gnu/libXtst.so.6.1.0
7f8302818000-7f8302819000 r--p 00004000 08:02 2105323                    /usr/lib/x86_64-linux-gnu/libXtst.so.6.1.0
7f8302819000-7f830281a000 rw-p 00005000 08:02 2105323                    /usr/lib/x86_64-linux-gnu/libXtst.so.6.1.0
7f830281a000-7f8302929000 r-xp 00000000 08:02 276787                     /lib/x86_64-linux-gnu/libglib-2.0.so.0.4800.2
7f8302929000-7f8302b28000 ---p 0010f000 08:02 276787                     /lib/x86_64-linux-gnu/libglib-2.0.so.0.4800.2
7f8302b28000-7f8302b29000 r--p 0010e000 08:02 276787                     /lib/x86_64-linux-gnu/libglib-2.0.so.0.4800.2
7f8302b29000-7f8302b2a000 rw-p 0010f000 08:02 276787                     /lib/x86_64-linux-gnu/libglib-2.0.so.0.4800.2
7f8302b2a000-7f8302b2b000 rw-p 00000000 00:00 0 
7f8302b2b000-7f8302b2c000 r-xp 00000000 08:02 2097595                    /usr/lib/x86_64-linux-gnu/libgthread-2.0.so.0.4800.2
7f8302b2c000-7f8302d2b000 ---p 00001000 08:02 2097595                    /usr/lib/x86_64-linux-gnu/libgthread-2.0.so.0.4800.2
7f8302d2b000-7f8302d2c000 r--p 00000000 08:02 2097595                    /usr/lib/x86_64-linux-gnu/libgthread-2.0.so.0.4800.2
7f8302d2c000-7f8302d2d000 rw-p 00001000 08:02 2097595                    /usr/lib/x86_64-linux-gnu/libgthread-2.0.so.0.4800.2
7f8302d2d000-7f8302d30000 r-xp 00000000 08:02 2097547                    /usr/lib/x86_64-linux-gnu/libgmodule-2.0.so.0.4800.2
7f8302d30000-7f8302f2f000 ---p 00003000 08:02 2097547                    /usr/lib/x86_64-linux-gnu/libgmodule-2.0.so.0.4800.2
7f8302f2f000-7f8302f30000 r--p 00002000 08:02 2097547                    /usr/lib/x86_64-linux-gnu/libgmodule-2.0.so.0.4800.2
7f8302f30000-7f8302f31000 rw-p 00003000 08:02 2097547                    /usr/lib/x86_64-linux-gnu/libgmodule-2.0.so.0.4800.2
7f8302f31000-7f8302f83000 r-xp 00000000 08:02 2097571                    /usr/lib/x86_64-linux-gnu/libgobject-2.0.so.0.4800.2
7f8302f83000-7f8303182000 ---p 00052000 08:02 2097571                    /usr/lib/x86_64-linux-gnu/libgobject-2.0.so.0.4800.2
7f8303182000-7f8303183000 r--p 00051000 08:02 2097571                    /usr/lib/x86_64-linux-gnu/libgobject-2.0.so.0.4800.2
7f8303183000-7f8303184000 rw-p 00052000 08:02 2097571                    /usr/lib/x86_64-linux-gnu/libgobject-2.0.so.0.4800.2
7f8303184000-7f83031c1000 r-xp 00000000 08:02 2105686                    /usr/lib/x86_64-linux-gnu/libfontconfig.so.1.9.0
7f83031c1000-7f83033c0000 ---p 0003d000 08:02 2105686                    /usr/lib/x86_64-linux-gnu/libfontconfig.so.1.9.0
7f83033c0000-7f83033c2000 r--p 0003c000 08:02 2105686                    /usr/lib/x86_64-linux-gnu/libfontconfig.so.1.9.0
7f83033c2000-7f83033c7000 rw-p 0003e000 08:02 2105686                    /usr/lib/x86_64-linux-gnu/libfontconfig.so.1.9.0
7f83033c7000-7f830346b000 r-xp 00000000 08:02 2105720                    /usr/lib/x86_64-linux-gnu/libfreetype.so.6.12.1
7f830346b000-7f830366a000 ---p 000a4000 08:02 2105720                    /usr/lib/x86_64-linux-gnu/libfreetype.so.6.12.1
7f830366a000-7f8303670000 r--p 000a3000 08:02 2105720                    /usr/lib/x86_64-linux-gnu/libfreetype.so.6.12.1
7f8303670000-7f8303671000 rw-p 000a9000 08:02 2105720                    /usr/lib/x86_64-linux-gnu/libfreetype.so.6.12.1
7f8303671000-7f83036ba000 r-xp 00000000 08:02 2106241                    /usr/lib/x86_64-linux-gnu/libpango-1.0.so.0.3800.1
7f83036ba000-7f83038ba000 ---p 00049000 08:02 2106241                    /usr/lib/x86_64-linux-gnu/libpango-1.0.so.0.3800.1
7f83038ba000-7f83038bc000 r--p 00049000 08:02 2106241                    /usr/lib/x86_64-linux-gnu/libpango-1.0.so.0.3800.1
7f83038bc000-7f83038bd000 rw-p 0004b000 08:02 2106241                    /usr/lib/x86_64-linux-gnu/libpango-1.0.so.0.3800.1
7f83038bd000-7f83039cb000 r-xp 00000000 08:02 2105445                    /usr/lib/x86_64-linux-gnu/libcairo.so.2.11400.6
7f83039cb000-7f8303bcb000 ---p 0010e000 08:02 2105445                    /usr/lib/x86_64-linux-gnu/libcairo.so.2.11400.6
7f8303bcb000-7f8303bce000 r--p 0010e000 08:02 2105445                    /usr/lib/x86_64-linux-gnu/libcairo.so.2.11400.6
7f8303bce000-7f8303bcf000 rw-p 00111000 08:02 2105445                    /usr/lib/x86_64-linux-gnu/libcairo.so.2.11400.6
7f8303bcf000-7f8303bd1000 rw-p 00000000 00:00 0 
7f8303bd1000-7f8303bdd000 r-xp 00000000 08:02 2106243                    /usr/lib/x86_64-linux-gnu/libpangocairo-1.0.so.0.3800.1
7f8303bdd000-7f8303ddc000 ---p 0000c000 08:02 2106243                    /usr/lib/x86_64-linux-gnu/libpangocairo-1.0.so.0.3800.1
7f8303ddc000-7f8303ddd000 r--p 0000b000 08:02 2106243                    /usr/lib/x86_64-linux-gnu/libpangocairo-1.0.so.0.3800.1
7f8303ddd000-7f8303dde000 rw-p 0000c000 08:02 2106243                    /usr/lib/x86_64-linux-gnu/libpangocairo-1.0.so.0.3800.1
7f8303dde000-7f8303dff000 r-xp 00000000 08:02 2097850                    /usr/lib/x86_64-linux-gnu/libgdk_pixbuf-2.0.so.0.3200.2
7f8303dff000-7f8303ffe000 ---p 00021000 08:02 2097850                    /usr/lib/x86_64-linux-gnu/libgdk_pixbuf-2.0.so.0.3200.2
7f8303ffe000-7f8303fff000 r--p 00020000 08:02 2097850                    /usr/lib/x86_64-linux-gnu/libgdk_pixbuf-2.0.so.0.3200.2
7f8303fff000-7f8304000000 rw-p 00021000 08:02 2097850                    /usr/lib/x86_64-linux-gnu/libgdk_pixbuf-2.0.so.0.3200.2
7f8304000000-7f8304021000 rw-p 00000000 00:00 0 
7f8304021000-7f8308000000 ---p 00000000 00:00 0 
7f8308000000-7f8309e52000 rw-p 00000000 00:00 0 
7f8309e52000-7f830c000000 ---p 00000000 00:00 0 
7f830c000000-7f830c80a000 rw-p 00000000 00:00 0 
7f830c80a000-7f8310000000 ---p 00000000 00:00 0 
7f8310000000-7f8310021000 rw-p 00000000 00:00 0 
7f8310021000-7f8314000000 ---p 00000000 00:00 0 
7f8314000000-7f8314716000 rw-p 00000000 00:00 0 
7f8314716000-7f8318000000 ---p 00000000 00:00 0 
7f8318000000-7f83186f0000 rw-p 00000000 00:00 0 
7f83186f0000-7f831c000000 ---p 00000000 00:00 0 
7f831c000000-7f831c021000 rw-p 00000000 00:00 0 
7f831c021000-7f8320000000 ---p 00000000 00:00 0 
7f8320000000-7f8320021000 rw-p 00000000 00:00 0 
7f8320021000-7f8324000000 ---p 00000000 00:00 0 
7f8324000000-7f8324021000 rw-p 00000000 00:00 0 
7f8324021000-7f8328000000 ---p 00000000 00:00 0 
7f8328000000-7f8328021000 rw-p 00000000 00:00 0 
7f8328021000-7f832c000000 ---p 00000000 00:00 0 
7f832c000000-7f832c021000 rw-p 00000000 00:00 0 
7f832c021000-7f8330000000 ---p 00000000 00:00 0 
7f8330000000-7f8330021000 rw-p 00000000 00:00 0 
7f8330021000-7f8334000000 ---p 00000000 00:00 0 
7f8334000000-7f8334021000 rw-p 00000000 00:00 0 
7f8334021000-7f8338000000 ---p 00000000 00:00 0 
7f8338000000-7f8338001000 rw-s 00000000 00:19 1256                       /i915 (deleted)
7f8338001000-7f8338002000 rw-s 00000000 00:19 1255                       /i915 (deleted)
7f8338002000-7f8338006000 rw-s 00000000 00:19 1265                       /i915 (deleted)
7f8338006000-7f833800b000 rw-s 00000000 00:19 1264                       /i915 (deleted)
7f833800b000-7f8338010000 r--s 00084000 08:02 2504184                    /usr/lib/jvm/java-8-oracle/jre/lib/jfr.jar
7f8338010000-7f8338015000 r--s 000a0000 08:02 2504987                    /usr/lib/jvm/java-8-oracle/jre/lib/jsse.jar
7f8338015000-7f8338020000 r--s 00000000 08:02 4199427                    /var/cache/fontconfig/945677eb7aeaf62f1d50efc3fb3ec7d8-le64.cache-6
7f8338020000-7f8338022000 r--s 00000000 08:02 4201691                    /var/cache/fontconfig/99e8ed0e538f840c565b6ed5dad60d56-le64.cache-6
7f8338022000-7f8338028000 r--s 00000000 08:02 4199409                    /var/cache/fontconfig/2cd17615ca594fa2959ae173292e504c-le64.cache-6
7f8338028000-7f8338029000 r--s 00000000 08:02 4199406                    /var/cache/fontconfig/0d8c3b2ac0904cb8a57a757ad11a4a08-le64.cache-6
7f8338029000-7f833802d000 r--s 00000000 08:02 4194840                    /var/cache/fontconfig/de156ccd2eddbdc19d37a45b8b2aac9c-le64.cache-6
7f833802d000-7f8338042000 r--s 00000000 08:02 4199403                    /var/cache/fontconfig/04aabc0a78ac019cf9454389977116d2-le64.cache-6
7f8338042000-7f8338043000 r--s 00000000 08:02 4199408                    /var/cache/fontconfig/1ac9eb803944fde146138c791f5cc56a-le64.cache-6
7f8338043000-7f8338047000 r--s 00000000 08:02 4199413                    /var/cache/fontconfig/385c0604a188198f04d133e54aba7fe7-le64.cache-6
7f8338047000-7f8338048000 r--s 00000000 08:02 4199440                    /var/cache/fontconfig/dc05db6664285cc2f12bf69c139ae4c3-le64.cache-6
7f8338048000-7f833804b000 r--s 00000000 08:02 4199423                    /var/cache/fontconfig/767a8244fc0220cfb567a839d0392e0b-le64.cache-6
7f833804b000-7f833804c000 r--s 00000000 08:02 4195210                    /var/cache/fontconfig/4794a0821666d79190d59a36cb4f44b5-le64.cache-6
7f833804c000-7f8338051000 r--s 00000000 08:02 4199426                    /var/cache/fontconfig/8801497958630a81b71ace7c5f9b32a8-le64.cache-6
7f8338051000-7f833808c000 r--s 00000000 08:02 4199434                    /var/cache/fontconfig/365b55f210c0a22e9a19e35191240f32-le64.cache-6
7f833808c000-7f8338093000 r--s 00000000 08:02 4199410                    /var/cache/fontconfig/3047814df9a2f067bd2d96a2b9c36e5a-le64.cache-6
7f8338093000-7f833809b000 r--s 00000000 08:02 4208591                    /var/cache/fontconfig/bf3b770c553c462765856025a94f1ce6-le64.cache-6
7f833809b000-7f83380a1000 r--s 00000000 08:02 4199431                    /var/cache/fontconfig/b47c4e1ecd0709278f4910c18777a504-le64.cache-6
7f83380a1000-7f83380b4000 r--s 00000000 08:02 4199437                    /var/cache/fontconfig/d52a8644073d54c13679302ca1180695-le64.cache-6
7f83380b4000-7f83380bf000 r--s 00000000 08:02 4199667                    /var/cache/fontconfig/d589a48862398ed80a3d6066f4f56f4c-le64.cache-6
7f83380bf000-7f83380ca000 r--s 00000000 08:02 4199425                    /var/cache/fontconfig/83bf95040141907cd45bb53cf7c1c148-le64.cache-6
7f83380ca000-7f83380dc000 r--s 00000000 08:02 4199429                    /var/cache/fontconfig/9b89f8e3dae116d678bbf48e5f21f69b-le64.cache-6
7f83380dc000-7f833815c000 r-xp 00000000 08:02 266748                     /lib/x86_64-linux-gnu/libsystemd.so.0.14.0
7f833815c000-7f833815f000 r--p 0007f000 08:02 266748                     /lib/x86_64-linux-gnu/libsystemd.so.0.14.0
7f833815f000-7f8338160000 rw-p 00082000 08:02 266748                     /lib/x86_64-linux-gnu/libsystemd.so.0.14.0
7f8338160000-7f8338161000 rw-p 00000000 00:00 0 
7f8338161000-7f8338175000 r-xp 00000000 08:02 2106245                    /usr/lib/x86_64-linux-gnu/libpangoft2-1.0.so.0.3800.1
7f8338175000-7f8338375000 ---p 00014000 08:02 2106245                    /usr/lib/x86_64-linux-gnu/libpangoft2-1.0.so.0.3800.1
7f8338375000-7f8338376000 r--p 00014000 08:02 2106245                    /usr/lib/x86_64-linux-gnu/libpangoft2-1.0.so.0.3800.1
7f8338376000-7f8338377000 rw-p 00015000 08:02 2106245                    /usr/lib/x86_64-linux-gnu/libpangoft2-1.0.so.0.3800.1
7f8338377000-7f83384f7000 r-xp 00000000 08:02 2097592                    /usr/lib/x86_64-linux-gnu/libgio-2.0.so.0.4800.2
7f83384f7000-7f83386f7000 ---p 00180000 08:02 2097592                    /usr/lib/x86_64-linux-gnu/libgio-2.0.so.0.4800.2
7f83386f7000-7f83386fb000 r--p 00180000 08:02 2097592                    /usr/lib/x86_64-linux-gnu/libgio-2.0.so.0.4800.2
7f83386fb000-7f83386fd000 rw-p 00184000 08:02 2097592                    /usr/lib/x86_64-linux-gnu/libgio-2.0.so.0.4800.2
7f83386fd000-7f83386ff000 rw-p 00000000 00:00 0 
7f83386ff000-7f83387af000 r-xp 00000000 08:02 2097721                    /usr/lib/x86_64-linux-gnu/libgdk-x11-2.0.so.0.2400.30
7f83387af000-7f83389ae000 ---p 000b0000 08:02 2097721                    /usr/lib/x86_64-linux-gnu/libgdk-x11-2.0.so.0.2400.30
7f83389ae000-7f83389b2000 r--p 000af000 08:02 2097721                    /usr/lib/x86_64-linux-gnu/libgdk-x11-2.0.so.0.2400.30
7f83389b2000-7f83389b4000 rw-p 000b3000 08:02 2097721                    /usr/lib/x86_64-linux-gnu/libgdk-x11-2.0.so.0.2400.30
7f83389b4000-7f8338df2000 r-xp 00000000 08:02 2097840                    /usr/lib/x86_64-linux-gnu/libgtk-x11-2.0.so.0.2400.30
7f8338df2000-7f8338ff1000 ---p 0043e000 08:02 2097840                    /usr/lib/x86_64-linux-gnu/libgtk-x11-2.0.so.0.2400.30
7f8338ff1000-7f8338ff8000 r--p 0043d000 08:02 2097840                    /usr/lib/x86_64-linux-gnu/libgtk-x11-2.0.so.0.2400.30
7f8338ff8000-7f8338ffc000 rw-p 00444000 08:02 2097840                    /usr/lib/x86_64-linux-gnu/libgtk-x11-2.0.so.0.2400.30
7f8338ffc000-7f833c000000 rw-p 00000000 00:00 0 
7f833c000000-7f833c021000 rw-p 00000000 00:00 0 
7f833c021000-7f8340000000 ---p 00000000 00:00 0 
7f8340000000-7f8340004000 r--s 00000000 08:02 4194837                    /var/cache/fontconfig/c57959a16110560c8d0fcea73374aeeb-le64.cache-6
7f8340004000-7f8340005000 r--s 00000000 08:02 4199433                    /var/cache/fontconfig/bab58bb527bb656aaa9f116d68a48d89-le64.cache-6
7f8340005000-7f8340012000 r--s 00000000 08:02 4199672                    /var/cache/fontconfig/e13b20fdb08344e0e664864cc2ede53d-le64.cache-6
7f8340012000-7f8340058000 r--p 00000000 08:02 3277001                    /usr/share/glib-2.0/schemas/gschemas.compiled
7f8340058000-7f834007a000 r-xp 00000000 08:02 2105388                    /usr/lib/x86_64-linux-gnu/libatk-1.0.so.0.21809.1
7f834007a000-7f8340279000 ---p 00022000 08:02 2105388                    /usr/lib/x86_64-linux-gnu/libatk-1.0.so.0.21809.1
7f8340279000-7f834027c000 r--p 00021000 08:02 2105388                    /usr/lib/x86_64-linux-gnu/libatk-1.0.so.0.21809.1
7f834027c000-7f834027d000 rw-p 00024000 08:02 2105388                    /usr/lib/x86_64-linux-gnu/libatk-1.0.so.0.21809.1
7f834027d000-7f834027e000 r--s 00000000 08:02 4199417                    /var/cache/fontconfig/56cf4f4769d0f4abc89a4895d7bd3ae1-le64.cache-6
7f834027e000-7f834027f000 r--s 00000000 08:02 4199432                    /var/cache/fontconfig/b9d506c9ac06c20b433354fa67a72993-le64.cache-6
7f834027f000-7f8340280000 r--s 00000000 08:02 4199416                    /var/cache/fontconfig/551ecf3b0e8b0bca0f25c0944f561853-le64.cache-6
7f8340280000-7f8340281000 r--s 00000000 08:02 4199411                    /var/cache/fontconfig/30829fa25452a46451e813d634d7f916-le64.cache-6
7f8340281000-7f8340284000 r--s 00000000 08:02 4199422                    /var/cache/fontconfig/75114ca45c98e8a441da0ff356701271-le64.cache-6
7f8340284000-7f8340288000 r--s 00000000 08:02 4194499                    /var/cache/fontconfig/7ef2298fde41cc6eeb7af42e48b7d293-le64.cache-6
7f8340288000-7f834028d000 rw-s 00000000 00:19 1259                       /i915 (deleted)
7f834028d000-7f8340291000 rw-s 00000000 00:19 1252                       /i915 (deleted)
7f8340291000-7f8340295000 rw-s 00000000 00:19 1250                       /i915 (deleted)
7f8340295000-7f83402a0000 r--p 00000000 08:02 7618133                    /home/burak/.config/dconf/user
7f83402a0000-7f8344000000 rw-p 00000000 00:00 0 
7f8344000000-7f8344021000 rw-p 00000000 00:00 0 
7f8344021000-7f8348000000 ---p 00000000 00:00 0 
7f8348000000-7f8348001000 r--s 00000000 08:02 4199405                    /var/cache/fontconfig/0c9eb80ebd1c36541ebe2852d3bb0c49-le64.cache-6
7f8348002000-7f8348007000 rw-s 00000000 00:19 1249                       /i915 (deleted)
7f8348007000-7f834800c000 rw-s 00000000 00:19 1247                       /i915 (deleted)
7f834800c000-7f8348010000 rw-s 00000000 00:19 1240                       /i915 (deleted)
7f8348010000-7f8348014000 rw-s 00000000 00:19 1238                       /i915 (deleted)
7f8348014000-7f8348019000 rw-s 00000000 00:19 1237                       /i915 (deleted)
7f8348019000-7f8348025000 r-xp 00000000 08:02 2764424                    /usr/lib/jvm/java-8-oracle/jre/lib/amd64/libprism_es2.so
7f8348025000-7f8348224000 ---p 0000c000 08:02 2764424                    /usr/lib/jvm/java-8-oracle/jre/lib/amd64/libprism_es2.so
7f8348224000-7f8348225000 r--p 0000b000 08:02 2764424                    /usr/lib/jvm/java-8-oracle/jre/lib/amd64/libprism_es2.so
7f8348225000-7f8348226000 rw-p 0000c000 08:02 2764424                    /usr/lib/jvm/java-8-oracle/jre/lib/amd64/libprism_es2.so
7f8348226000-7f8348229000 ---p 00000000 00:00 0 
7f8348229000-7f8348327000 rw-p 00000000 00:00 0 
7f8348327000-7f83483bd000 r--s 0110e000 08:02 2641011                    /usr/lib/jvm/java-8-oracle/jre/lib/ext/jfxrt.jar
7f83483bd000-7f83483be000 ---p 00000000 00:00 0 
7f83483be000-7f83484be000 rw-p 00000000 00:00 0 
7f83484be000-7f83484c1000 ---p 00000000 00:00 0 
7f83484c1000-7f83485bf000 rw-p 00000000 00:00 0 
7f83485bf000-7f83485c2000 ---p 00000000 00:00 0 
7f83485c2000-7f83486c0000 rw-p 00000000 00:00 0 
7f83486c0000-7f83486c3000 ---p 00000000 00:00 0 
7f83486c3000-7f83487c1000 rw-p 00000000 00:00 0 
7f83487c1000-7f83487d7000 r-xp 00000000 08:02 2764420                    /usr/lib/jvm/java-8-oracle/jre/lib/amd64/libnet.so
7f83487d7000-7f83489d6000 ---p 00016000 08:02 2764420                    /usr/lib/jvm/java-8-oracle/jre/lib/amd64/libnet.so
7f83489d6000-7f83489d7000 r--p 00015000 08:02 2764420                    /usr/lib/jvm/java-8-oracle/jre/lib/amd64/libnet.so
7f83489d7000-7f83489d8000 rw-p 00016000 08:02 2764420                    /usr/lib/jvm/java-8-oracle/jre/lib/amd64/libnet.so
7f83489d8000-7f83489db000 ---p 00000000 00:00 0 
7f83489db000-7f8348ad9000 rw-p 00000000 00:00 0 
7f8348ad9000-7f8348adc000 ---p 00000000 00:00 0 
7f8348adc000-7f8348bda000 rw-p 00000000 00:00 0 
7f8348bda000-7f8348bdc000 r--s 0001a000 08:02 7606841                    /home/burak/.local/share/umake/ide/idea-ultimate/lib/idea_rt.jar
7f8348bdc000-7f8348bde000 r--s 0003a000 08:02 7648322                    /home/burak/Downloads/font-awesome.jar
7f8348bde000-7f8348be5000 r--s 0004b000 08:02 8266418                    /home/burak/.m2/repository/commons-codec/commons-codec/1.11/commons-codec-1.11.jar
7f8348be5000-7f8348bef000 r--s 000c0000 08:02 7631240                    /home/burak/Desktop/Projects/Java Projects/postgresql-42.2.5.jar
7f8348bef000-7f8348c08000 r--s 0027d000 08:02 7619551                    /home/burak/Downloads/jfoenix-8.0.8.jar
7f8348c08000-7f8348c1b000 r--s 00345000 08:02 2504986                    /usr/lib/jvm/java-8-oracle/jre/lib/resources.jar
7f8348c1b000-7f8348c36000 r--s 0020c000 08:02 2504185                    /usr/lib/jvm/java-8-oracle/jre/lib/deploy.jar
7f8348c36000-7f8348c39000 ---p 00000000 00:00 0 
7f8348c39000-7f8348d37000 rw-p 00000000 00:00 0 
7f8348d37000-7f834916f000 r--p 00000000 08:02 2099159                    /usr/lib/locale/locale-archive
7f834916f000-7f8349172000 ---p 00000000 00:00 0 
7f8349172000-7f8349270000 rw-p 00000000 00:00 0 
7f8349270000-7f8349273000 ---p 00000000 00:00 0 
7f8349273000-7f8349371000 rw-p 00000000 00:00 0 
7f8349371000-7f8349372000 ---p 00000000 00:00 0 
7f8349372000-7f834a381000 rw-p 00000000 00:00 0 
7f834a381000-7f834a55b000 r--s 03d6c000 08:02 2504236                    /usr/lib/jvm/java-8-oracle/jre/lib/rt.jar
7f834a55b000-7f834b131000 rw-p 00000000 00:00 0 
7f834b131000-7f834b132000 ---p 00000000 00:00 0 
7f834b132000-7f834b232000 rw-p 00000000 00:00 0 
7f834b232000-7f834b233000 ---p 00000000 00:00 0 
7f834b233000-7f834b333000 rw-p 00000000 00:00 0 
7f834b333000-7f834b334000 ---p 00000000 00:00 0 
7f834b334000-7f834b434000 rw-p 00000000 00:00 0 
7f834b434000-7f834b435000 ---p 00000000 00:00 0 
7f834b435000-7f834b55f000 rw-p 00000000 00:00 0 
7f834b55f000-7f834b7c4000 ---p 00000000 00:00 0 
7f834b7c4000-7f834b7ee000 rw-p 00000000 00:00 0 
7f834b7ee000-7f834ba52000 ---p 00000000 00:00 0 
7f834ba52000-7f834ba68000 rw-p 00000000 00:00 0 
7f834ba68000-7f834bb9a000 ---p 00000000 00:00 0 
7f834bb9a000-7f834bbba000 rw-p 00000000 00:00 0 
7f834bbba000-7f834bf5b000 ---p 00000000 00:00 0 
7f834bf5b000-7f834c70b000 rwxp 00000000 00:00 0 
7f834c70b000-7f835af5b000 ---p 00000000 00:00 0 
7f835af5b000-7f835af75000 r-xp 00000000 08:02 2764416                    /usr/lib/jvm/java-8-oracle/jre/lib/amd64/libzip.so
7f835af75000-7f835b175000 ---p 0001a000 08:02 2764416                    /usr/lib/jvm/java-8-oracle/jre/lib/amd64/libzip.so
7f835b175000-7f835b176000 r--p 0001a000 08:02 2764416                    /usr/lib/jvm/java-8-oracle/jre/lib/amd64/libzip.so
7f835b176000-7f835b177000 rw-p 0001b000 08:02 2764416                    /usr/lib/jvm/java-8-oracle/jre/lib/amd64/libzip.so
7f835b177000-7f835b182000 r-xp 00000000 08:02 263084                     /lib/x86_64-linux-gnu/libnss_files-2.23.so
7f835b182000-7f835b381000 ---p 0000b000 08:02 263084                     /lib/x86_64-linux-gnu/libnss_files-2.23.so
7f835b381000-7f835b382000 r--p 0000a000 08:02 263084                     /lib/x86_64-linux-gnu/libnss_files-2.23.so
7f835b382000-7f835b383000 rw-p 0000b000 08:02 263084                     /lib/x86_64-linux-gnu/libnss_files-2.23.so
7f835b383000-7f835b389000 rw-p 00000000 00:00 0 
7f835b389000-7f835b394000 r-xp 00000000 08:02 263088                     /lib/x86_64-linux-gnu/libnss_nis-2.23.so
7f835b394000-7f835b593000 ---p 0000b000 08:02 263088                     /lib/x86_64-linux-gnu/libnss_nis-2.23.so
7f835b593000-7f835b594000 r--p 0000a000 08:02 263088                     /lib/x86_64-linux-gnu/libnss_nis-2.23.so
7f835b594000-7f835b595000 rw-p 0000b000 08:02 263088                     /lib/x86_64-linux-gnu/libnss_nis-2.23.so
7f835b595000-7f835b5ab000 r-xp 00000000 08:02 263068                     /lib/x86_64-linux-gnu/libnsl-2.23.so
7f835b5ab000-7f835b7aa000 ---p 00016000 08:02 263068                     /lib/x86_64-linux-gnu/libnsl-2.23.so
7f835b7aa000-7f835b7ab000 r--p 00015000 08:02 263068                     /lib/x86_64-linux-gnu/libnsl-2.23.so
7f835b7ab000-7f835b7ac000 rw-p 00016000 08:02 263068                     /lib/x86_64-linux-gnu/libnsl-2.23.so
7f835b7ac000-7f835b7ae000 rw-p 00000000 00:00 0 
7f835b7ae000-7f835b7b6000 r-xp 00000000 08:02 263079                     /lib/x86_64-linux-gnu/libnss_compat-2.23.so
7f835b7b6000-7f835b9b5000 ---p 00008000 08:02 263079                     /lib/x86_64-linux-gnu/libnss_compat-2.23.so
7f835b9b5000-7f835b9b6000 r--p 00007000 08:02 263079                     /lib/x86_64-linux-gnu/libnss_compat-2.23.so
7f835b9b6000-7f835b9b7000 rw-p 00008000 08:02 263079                     /lib/x86_64-linux-gnu/libnss_compat-2.23.so
7f835b9b7000-7f835b9c1000 r-xp 00000000 08:02 2764425                    /usr/lib/jvm/java-8-oracle/jre/lib/amd64/libinstrument.so
7f835b9c1000-7f835bbc0000 ---p 0000a000 08:02 2764425                    /usr/lib/jvm/java-8-oracle/jre/lib/amd64/libinstrument.so
7f835bbc0000-7f835bbc1000 r--p 00009000 08:02 2764425                    /usr/lib/jvm/java-8-oracle/jre/lib/amd64/libinstrument.so
7f835bbc1000-7f835bbc2000 rw-p 0000a000 08:02 2764425                    /usr/lib/jvm/java-8-oracle/jre/lib/amd64/libinstrument.so
7f835bbc2000-7f835bbef000 r-xp 00000000 08:02 2764410                    /usr/lib/jvm/java-8-oracle/jre/lib/amd64/libjava.so
7f835bbef000-7f835bdee000 ---p 0002d000 08:02 2764410                    /usr/lib/jvm/java-8-oracle/jre/lib/amd64/libjava.so
7f835bdee000-7f835bdef000 r--p 0002c000 08:02 2764410                    /usr/lib/jvm/java-8-oracle/jre/lib/amd64/libjava.so
7f835bdef000-7f835bdf1000 rw-p 0002d000 08:02 2764410                    /usr/lib/jvm/java-8-oracle/jre/lib/amd64/libjava.so
7f835bdf1000-7f835bdfe000 r-xp 00000000 08:02 2764415                    /usr/lib/jvm/java-8-oracle/jre/lib/amd64/libverify.so
7f835bdfe000-7f835bffd000 ---p 0000d000 08:02 2764415                    /usr/lib/jvm/java-8-oracle/jre/lib/amd64/libverify.so
7f835bffd000-7f835bfff000 r--p 0000c000 08:02 2764415                    /usr/lib/jvm/java-8-oracle/jre/lib/amd64/libverify.so
7f835bfff000-7f835c000000 rw-p 0000e000 08:02 2764415                    /usr/lib/jvm/java-8-oracle/jre/lib/amd64/libverify.so
7f835c000000-7f835c553000 rw-p 00000000 00:00 0 
7f835c553000-7f8360000000 ---p 00000000 00:00 0 
7f8360000000-7f8360001000 r--s 00000000 00:31 29                         /run/user/1000/dconf/user
7f8360001000-7f8360006000 r--s 00036000 08:02 8266379                    /home/burak/.m2/repository/com/google/code/gson/gson/2.8.5/gson-2.8.5.jar
7f8360006000-7f8360019000 r--s 000d6000 08:02 2504209                    /usr/lib/jvm/java-8-oracle/jre/lib/plugin.jar
7f8360019000-7f836001a000 r--s 00000000 08:02 2504191                    /usr/lib/jvm/java-8-oracle/jre/lib/management-agent.jar
7f836001a000-7f8360090000 rw-p 00000000 00:00 0 
7f8360090000-7f8360097000 r-xp 00000000 08:02 263089                     /lib/x86_64-linux-gnu/librt-2.23.so
7f8360097000-7f8360296000 ---p 00007000 08:02 263089                     /lib/x86_64-linux-gnu/librt-2.23.so
7f8360296000-7f8360297000 r--p 00006000 08:02 263089                     /lib/x86_64-linux-gnu/librt-2.23.so
7f8360297000-7f8360298000 rw-p 00007000 08:02 263089                     /lib/x86_64-linux-gnu/librt-2.23.so
7f8360298000-7f83603a0000 r-xp 00000000 08:02 263067                     /lib/x86_64-linux-gnu/libm-2.23.so
7f83603a0000-7f836059f000 ---p 00108000 08:02 263067                     /lib/x86_64-linux-gnu/libm-2.23.so
7f836059f000-7f83605a0000 r--p 00107000 08:02 263067                     /lib/x86_64-linux-gnu/libm-2.23.so
7f83605a0000-7f83605a1000 rw-p 00108000 08:02 263067                     /lib/x86_64-linux-gnu/libm-2.23.so
7f83605a1000-7f8361283000 r-xp 00000000 08:02 2764392                    /usr/lib/jvm/java-8-oracle/jre/lib/amd64/server/libjvm.so
7f8361283000-7f8361483000 ---p 00ce2000 08:02 2764392                    /usr/lib/jvm/java-8-oracle/jre/lib/amd64/server/libjvm.so
7f8361483000-7f8361519000 r--p 00ce2000 08:02 2764392                    /usr/lib/jvm/java-8-oracle/jre/lib/amd64/server/libjvm.so
7f8361519000-7f836154a000 rw-p 00d78000 08:02 2764392                    /usr/lib/jvm/java-8-oracle/jre/lib/amd64/server/libjvm.so
7f836154a000-7f8361585000 rw-p 00000000 00:00 0 
7f8361585000-7f8361745000 r-xp 00000000 08:02 263071                     /lib/x86_64-linux-gnu/libc-2.23.so
7f8361745000-7f8361945000 ---p 001c0000 08:02 263071                     /lib/x86_64-linux-gnu/libc-2.23.so
7f8361945000-7f8361949000 r--p 001c0000 08:02 263071                     /lib/x86_64-linux-gnu/libc-2.23.so
7f8361949000-7f836194b000 rw-p 001c4000 08:02 263071                     /lib/x86_64-linux-gnu/libc-2.23.so
7f836194b000-7f836194f000 rw-p 00000000 00:00 0 
7f836194f000-7f8361952000 r-xp 00000000 08:02 263073                     /lib/x86_64-linux-gnu/libdl-2.23.so
7f8361952000-7f8361b51000 ---p 00003000 08:02 263073                     /lib/x86_64-linux-gnu/libdl-2.23.so
7f8361b51000-7f8361b52000 r--p 00002000 08:02 263073                     /lib/x86_64-linux-gnu/libdl-2.23.so
7f8361b52000-7f8361b53000 rw-p 00003000 08:02 263073                     /lib/x86_64-linux-gnu/libdl-2.23.so
7f8361b53000-7f8361b6a000 r-xp 00000000 08:02 2504134                    /usr/lib/jvm/java-8-oracle/lib/amd64/jli/libjli.so
7f8361b6a000-7f8361d69000 ---p 00017000 08:02 2504134                    /usr/lib/jvm/java-8-oracle/lib/amd64/jli/libjli.so
7f8361d69000-7f8361d6a000 r--p 00016000 08:02 2504134                    /usr/lib/jvm/java-8-oracle/lib/amd64/jli/libjli.so
7f8361d6a000-7f8361d6b000 rw-p 00017000 08:02 2504134                    /usr/lib/jvm/java-8-oracle/lib/amd64/jli/libjli.so
7f8361d6b000-7f8361d83000 r-xp 00000000 08:02 263070                     /lib/x86_64-linux-gnu/libpthread-2.23.so
7f8361d83000-7f8361f82000 ---p 00018000 08:02 263070                     /lib/x86_64-linux-gnu/libpthread-2.23.so
7f8361f82000-7f8361f83000 r--p 00017000 08:02 263070                     /lib/x86_64-linux-gnu/libpthread-2.23.so
7f8361f83000-7f8361f84000 rw-p 00018000 08:02 263070                     /lib/x86_64-linux-gnu/libpthread-2.23.so
7f8361f84000-7f8361f88000 rw-p 00000000 00:00 0 
7f8361f88000-7f8361fae000 r-xp 00000000 08:02 263069                     /lib/x86_64-linux-gnu/ld-2.23.so
7f8361fae000-7f8361fb3000 r--s 000a0000 08:02 2504987                    /usr/lib/jvm/java-8-oracle/jre/lib/jsse.jar
7f8361fb3000-7f8362084000 rw-p 00000000 00:00 0 
7f8362084000-7f8362087000 ---p 00000000 00:00 0 
7f8362087000-7f8362189000 rw-p 00000000 00:00 0 
7f8362189000-7f836218b000 r--s 00007000 08:02 2504995                    /usr/lib/jvm/java-8-oracle/jre/lib/jfxswt.jar
7f836218b000-7f8362190000 r--s 00084000 08:02 2504184                    /usr/lib/jvm/java-8-oracle/jre/lib/jfr.jar
7f8362190000-7f8362193000 r--s 0001a000 08:02 2504993                    /usr/lib/jvm/java-8-oracle/jre/lib/jce.jar
7f8362193000-7f836219d000 r--s 0006e000 08:02 2504194                    /usr/lib/jvm/java-8-oracle/jre/lib/javaws.jar
7f836219d000-7f83621a2000 r--s 002f9000 08:02 2504233                    /usr/lib/jvm/java-8-oracle/jre/lib/charsets.jar
7f83621a2000-7f83621aa000 rw-s 00000000 08:02 9180751                    /tmp/hsperfdata_burak/4747
7f83621aa000-7f83621ab000 rw-p 00000000 00:00 0 
7f83621ab000-7f83621ac000 r--p 00000000 00:00 0 
7f83621ac000-7f83621ad000 rw-p 00000000 00:00 0 
7f83621ad000-7f83621ae000 r--p 00025000 08:02 263069                     /lib/x86_64-linux-gnu/ld-2.23.so
7f83621ae000-7f83621af000 rw-p 00026000 08:02 263069                     /lib/x86_64-linux-gnu/ld-2.23.so
7f83621af000-7f83621b0000 rw-p 00000000 00:00 0 
7ffc514bc000-7ffc514de000 rw-p 00000000 00:00 0                          [stack]
7ffc515b5000-7ffc515b8000 r--p 00000000 00:00 0                          [vvar]
7ffc515b8000-7ffc515ba000 r-xp 00000000 00:00 0                          [vdso]
ffffffffff600000-ffffffffff601000 r-xp 00000000 00:00 0                  [vsyscall]

VM Arguments:
jvm_args: -javaagent:/home/burak/.local/share/umake/ide/idea-ultimate/lib/idea_rt.jar=36703:/home/burak/.local/share/umake/ide/idea-ultimate/bin -Dfile.encoding=UTF-8 
java_command: main.Main
java_class_path (initial): /usr/lib/jvm/java-8-oracle/jre/lib/charsets.jar:/usr/lib/jvm/java-8-oracle/jre/lib/deploy.jar:/usr/lib/jvm/java-8-oracle/jre/lib/ext/cldrdata.jar:/usr/lib/jvm/java-8-oracle/jre/lib/ext/dnsns.jar:/usr/lib/jvm/java-8-oracle/jre/lib/ext/jaccess.jar:/usr/lib/jvm/java-8-oracle/jre/lib/ext/jfxrt.jar:/usr/lib/jvm/java-8-oracle/jre/lib/ext/localedata.jar:/usr/lib/jvm/java-8-oracle/jre/lib/ext/nashorn.jar:/usr/lib/jvm/java-8-oracle/jre/lib/ext/sunec.jar:/usr/lib/jvm/java-8-oracle/jre/lib/ext/sunjce_provider.jar:/usr/lib/jvm/java-8-oracle/jre/lib/ext/sunpkcs11.jar:/usr/lib/jvm/java-8-oracle/jre/lib/ext/zipfs.jar:/usr/lib/jvm/java-8-oracle/jre/lib/javaws.jar:/usr/lib/jvm/java-8-oracle/jre/lib/jce.jar:/usr/lib/jvm/java-8-oracle/jre/lib/jfr.jar:/usr/lib/jvm/java-8-oracle/jre/lib/jfxswt.jar:/usr/lib/jvm/java-8-oracle/jre/lib/jsse.jar:/usr/lib/jvm/java-8-oracle/jre/lib/management-agent.jar:/usr/lib/jvm/java-8-oracle/jre/lib/plugin.jar:/usr/lib/jvm/java-8-oracle/jre/lib/resources.jar:/usr/lib/jvm/java-8-oracle/jre/lib/rt.jar:/home/burak/Desktop/Projects/Java Projects/Library/out/production/Library:/home/burak/Downloads/jfoenix-8.0.8.jar:/home/burak/Desktop/Projects/Java Projects/postgresql-42.2.5.jar:/home/burak/.m2/repository/com/google/code/gson/gson/2.8.5/gson-2.8.5.jar:/home/burak/.m2/repository/commons-codec/commons-codec/1.11/commons-codec-1.11.jar:/home/burak/Downloads/font-awesome.jar:/home/burak/.local/share/umake/ide/idea-ultimate/lib/idea_rt.jar
Launcher Type: SUN_STANDARD

Environment Variables:
JAVA_HOME=/usr/lib/jvm/java-8-oracle
PATH=/home/burak/.local/share/umake/bin:/home/burak/bin:/home/burak/.local/bin:/usr/local/sbin:/usr/local/bin:/usr/sbin:/usr/bin:/sbin:/bin:/usr/games:/usr/local/games:/snap/bin:/usr/lib/jvm/java-8-oracle/bin:/usr/lib/jvm/java-8-oracle/db/bin:/usr/lib/jvm/java-8-oracle/jre/bin
LD_LIBRARY_PATH=/home/burak/.local/share/umake/ide/idea-ultimate/bin:
SHELL=/bin/bash
DISPLAY=:0

Signal Handlers:
SIGSEGV: [libjvm.so+0xaced60], sa_mask[0]=11111111011111111101111111111110, sa_flags=SA_RESTART|SA_SIGINFO
SIGBUS: [libjvm.so+0xaced60], sa_mask[0]=11111111011111111101111111111110, sa_flags=SA_RESTART|SA_SIGINFO
SIGFPE: [libjvm.so+0x907ca0], sa_mask[0]=11111111011111111101111111111110, sa_flags=SA_RESTART|SA_SIGINFO
SIGPIPE: SIG_IGN, sa_mask[0]=00000000000010000000000000000000, sa_flags=SA_RESTART
SIGXFSZ: [libjvm.so+0x907ca0], sa_mask[0]=11111111011111111101111111111110, sa_flags=SA_RESTART|SA_SIGINFO
SIGILL: [libjvm.so+0x907ca0], sa_mask[0]=11111111011111111101111111111110, sa_flags=SA_RESTART|SA_SIGINFO
SIGUSR1: SIG_DFL, sa_mask[0]=00000000000000000000000000000000, sa_flags=none
SIGUSR2: [libjvm.so+0x907b70], sa_mask[0]=00100000000000000000000000000000, sa_flags=SA_RESTART|SA_SIGINFO
SIGHUP: [libjvm.so+0x908190], sa_mask[0]=11111111011111111101111111111110, sa_flags=SA_RESTART|SA_SIGINFO
SIGINT: [libjvm.so+0x908190], sa_mask[0]=11111111011111111101111111111110, sa_flags=SA_RESTART|SA_SIGINFO
SIGTERM: [libjvm.so+0x908190], sa_mask[0]=11111111011111111101111111111110, sa_flags=SA_RESTART|SA_SIGINFO
SIGQUIT: [libjvm.so+0x908190], sa_mask[0]=11111111011111111101111111111110, sa_flags=SA_RESTART|SA_SIGINFO


---------------  S Y S T E M  ---------------

OS:DISTRIB_ID=Ubuntu
DISTRIB_RELEASE=16.04
DISTRIB_CODENAME=xenial
DISTRIB_DESCRIPTION="Ubuntu 16.04.5 LTS"

uname:Linux 4.15.0-46-generic #49~16.04.1-Ubuntu SMP Tue Feb 12 17:45:24 UTC 2019 x86_64
libc:glibc 2.23 NPTL 2.23 
rlimit: STACK 8192k, CORE 0k, NPROC 30891, NOFILE 1048576, AS infinity
load average:1,58 0,82 0,63

/proc/meminfo:
MemTotal:        8044120 kB
MemFree:         3585120 kB
MemAvailable:    4956160 kB
Buffers:          135952 kB
Cached:          1752344 kB
SwapCached:            0 kB
Active:          2840764 kB
Inactive:        1306308 kB
Active(anon):    2263456 kB
Inactive(anon):   345848 kB
Active(file):     577308 kB
Inactive(file):   960460 kB
Unevictable:          32 kB
Mlocked:              32 kB
SwapTotal:       8264700 kB
SwapFree:        8264700 kB
Dirty:              9804 kB
Writeback:             0 kB
AnonPages:       2259180 kB
Mapped:           368780 kB
Shmem:            350236 kB
Slab:             200652 kB
SReclaimable:     107200 kB
SUnreclaim:        93452 kB
KernelStack:       12240 kB
PageTables:        37348 kB
NFS_Unstable:          0 kB
Bounce:                0 kB
WritebackTmp:          0 kB
CommitLimit:    12286760 kB
Committed_AS:    7578864 kB
VmallocTotal:   34359738367 kB
VmallocUsed:           0 kB
VmallocChunk:          0 kB
HardwareCorrupted:     0 kB
AnonHugePages:         0 kB
ShmemHugePages:        0 kB
ShmemPmdMapped:        0 kB
CmaTotal:              0 kB
CmaFree:               0 kB
HugePages_Total:       0
HugePages_Free:        0
HugePages_Rsvd:        0
HugePages_Surp:        0
Hugepagesize:       2048 kB
DirectMap4k:      171408 kB
DirectMap2M:     4947968 kB
DirectMap1G:     3145728 kB

container (cgroup) information:
container_type: cgroupv1
cpu_cpuset_cpus: 0-3
cpu_memory_nodes: 0
active_processor_count: 4
cpu_quota: -1
cpu_period: 100000
cpu_shares: -1
memory_limit_in_bytes: -1
memory_and_swap_limit_in_bytes: -2
memory_soft_limit_in_bytes: -1
memory_usage_in_bytes: 3427106816
memory_max_usage_in_bytes: 3427106816


CPU:total 4 (initial active 4) (2 cores per cpu, 2 threads per core) family 6 model 61 stepping 4, cmov, cx8, fxsr, mmx, sse, sse2, sse3, ssse3, sse4.1, sse4.2, popcnt, avx, avx2, aes, clmul, erms, 3dnowpref, lzcnt, ht, tsc, tscinvbit, bmi1, bmi2, adx

/proc/cpuinfo:
processor	: 0
vendor_id	: GenuineIntel
cpu family	: 6
model		: 61
model name	: Intel(R) Core(TM) i5-5200U CPU @ 2.20GHz
stepping	: 4
microcode	: 0x2b
cpu MHz		: 2499.800
cache size	: 3072 KB
physical id	: 0
siblings	: 4
core id		: 0
cpu cores	: 2
apicid		: 0
initial apicid	: 0
fpu		: yes
fpu_exception	: yes
cpuid level	: 20
wp		: yes
flags		: fpu vme de pse tsc msr pae mce cx8 apic sep mtrr pge mca cmov pat pse36 clflush dts acpi mmx fxsr sse sse2 ss ht tm pbe syscall nx pdpe1gb rdtscp lm constant_tsc arch_perfmon pebs bts rep_good nopl xtopology nonstop_tsc cpuid aperfmperf pni pclmulqdq dtes64 monitor ds_cpl vmx est tm2 ssse3 sdbg fma cx16 xtpr pdcm pcid sse4_1 sse4_2 x2apic movbe popcnt tsc_deadline_timer aes xsave avx f16c rdrand lahf_lm abm 3dnowprefetch cpuid_fault epb invpcid_single pti ssbd ibrs ibpb stibp tpr_shadow vnmi flexpriority ept vpid fsgsbase tsc_adjust bmi1 avx2 smep bmi2 erms invpcid rdseed adx smap intel_pt xsaveopt dtherm ida arat pln pts flush_l1d
bugs		: cpu_meltdown spectre_v1 spectre_v2 spec_store_bypass l1tf
bogomips	: 4389.68
clflush size	: 64
cache_alignment	: 64
address sizes	: 39 bits physical, 48 bits virtual
power management:

processor	: 1
vendor_id	: GenuineIntel
cpu family	: 6
model		: 61
model name	: Intel(R) Core(TM) i5-5200U CPU @ 2.20GHz
stepping	: 4
microcode	: 0x2b
cpu MHz		: 2492.494
cache size	: 3072 KB
physical id	: 0
siblings	: 4
core id		: 0
cpu cores	: 2
apicid		: 1
initial apicid	: 1
fpu		: yes
fpu_exception	: yes
cpuid level	: 20
wp		: yes
flags		: fpu vme de pse tsc msr pae mce cx8 apic sep mtrr pge mca cmov pat pse36 clflush dts acpi mmx fxsr sse sse2 ss ht tm pbe syscall nx pdpe1gb rdtscp lm constant_tsc arch_perfmon pebs bts rep_good nopl xtopology nonstop_tsc cpuid aperfmperf pni pclmulqdq dtes64 monitor ds_cpl vmx est tm2 ssse3 sdbg fma cx16 xtpr pdcm pcid sse4_1 sse4_2 x2apic movbe popcnt tsc_deadline_timer aes xsave avx f16c rdrand lahf_lm abm 3dnowprefetch cpuid_fault epb invpcid_single pti ssbd ibrs ibpb stibp tpr_shadow vnmi flexpriority ept vpid fsgsbase tsc_adjust bmi1 avx2 smep bmi2 erms invpcid rdseed adx smap intel_pt xsaveopt dtherm ida arat pln pts flush_l1d
bugs		: cpu_meltdown spectre_v1 spectre_v2 spec_store_bypass l1tf
bogomips	: 4389.68
clflush size	: 64
cache_alignment	: 64
address sizes	: 39 bits physical, 48 bits virtual
power management:

processor	: 2
vendor_id	: GenuineIntel
cpu family	: 6
model		: 61
model name	: Intel(R) Core(TM) i5-5200U CPU @ 2.20GHz
stepping	: 4
microcode	: 0x2b
cpu MHz		: 2489.643
cache size	: 3072 KB
physical id	: 0
siblings	: 4
core id		: 1
cpu cores	: 2
apicid		: 2
initial apicid	: 2
fpu		: yes
fpu_exception	: yes
cpuid level	: 20
wp		: yes
flags		: fpu vme de pse tsc msr pae mce cx8 apic sep mtrr pge mca cmov pat pse36 clflush dts acpi mmx fxsr sse sse2 ss ht tm pbe syscall nx pdpe1gb rdtscp lm constant_tsc arch_perfmon pebs bts rep_good nopl xtopology nonstop_tsc cpuid aperfmperf pni pclmulqdq dtes64 monitor ds_cpl vmx est tm2 ssse3 sdbg fma cx16 xtpr pdcm pcid sse4_1 sse4_2 x2apic movbe popcnt tsc_deadline_timer aes xsave avx f16c rdrand lahf_lm abm 3dnowprefetch cpuid_fault epb invpcid_single pti ssbd ibrs ibpb stibp tpr_shadow vnmi flexpriority ept vpid fsgsbase tsc_adjust bmi1 avx2 smep bmi2 erms invpcid rdseed adx smap intel_pt xsaveopt dtherm ida arat pln pts flush_l1d
bugs		: cpu_meltdown spectre_v1 spectre_v2 spec_store_bypass l1tf
bogomips	: 4389.68
clflush size	: 64
cache_alignment	: 64
address sizes	: 39 bits physical, 48 bits virtual
power management:

processor	: 3
vendor_id	: GenuineIntel
cpu family	: 6
model		: 61
model name	: Intel(R) Core(TM) i5-5200U CPU @ 2.20GHz
stepping	: 4
microcode	: 0x2b
cpu MHz		: 2485.021
cache size	: 3072 KB
physical id	: 0
siblings	: 4
core id		: 1
cpu cores	: 2
apicid		: 3
initial apicid	: 3
fpu		: yes
fpu_exception	: yes
cpuid level	: 20
wp		: yes
flags		: fpu vme de pse tsc msr pae mce cx8 apic sep mtrr pge mca cmov pat pse36 clflush dts acpi mmx fxsr sse sse2 ss ht tm pbe syscall nx pdpe1gb rdtscp lm constant_tsc arch_perfmon pebs bts rep_good nopl xtopology nonstop_tsc cpuid aperfmperf pni pclmulqdq dtes64 monitor ds_cpl vmx est tm2 ssse3 sdbg fma cx16 xtpr pdcm pcid sse4_1 sse4_2 x2apic movbe popcnt tsc_deadline_timer aes xsave avx f16c rdrand lahf_lm abm 3dnowprefetch cpuid_fault epb invpcid_single pti ssbd ibrs ibpb stibp tpr_shadow vnmi flexpriority ept vpid fsgsbase tsc_adjust bmi1 avx2 smep bmi2 erms invpcid rdseed adx smap intel_pt xsaveopt dtherm ida arat pln pts flush_l1d
bugs		: cpu_meltdown spectre_v1 spectre_v2 spec_store_bypass l1tf
bogomips	: 4389.68
clflush size	: 64
cache_alignment	: 64
address sizes	: 39 bits physical, 48 bits virtual
power management:



Memory: 4k page, physical 8044120k(3585120k free), swap 8264700k(8264700k free)

vm_info: Java HotSpot(TM) 64-Bit Server VM (25.191-b12) for linux-amd64 JRE (1.8.0_191-b12), built on Oct  6 2018 05:43:09 by "java_re" with gcc 7.3.0

time: Fri May  3 16:27:00 2019
elapsed time: 10 seconds (0d 0h 0m 10s)

